# Logfile created on 2021-12-24 15:17:42 +0000 by logger.rb/61378
[15:17:43.009939 INFO] Server host is http://web:80
[15:17:43.010075 INFO] Analysis directory is /mnt/openstudio/analysis_d904aff1-dbdd-41a2-aced-0d4c12834994
[15:17:43.010132 INFO] Simulation directory is /mnt/openstudio/analysis_d904aff1-dbdd-41a2-aced-0d4c12834994/data_point_c566d152-4100-4e8e-b600-3d48eed90378
[15:17:43.010161 INFO] Run datapoint type/file is 
[15:17:43.010280 INFO] Starting initialize_worker for datapoint c566d152-4100-4e8e-b600-3d48eed90378
[15:17:43.010619 INFO] Downloading analysis zip from http://web:80/analyses/d904aff1-dbdd-41a2-aced-0d4c12834994/download_analysis_zip
[15:17:44.508533 INFO] Extracting analysis zip to /mnt/openstudio/analysis_d904aff1-dbdd-41a2-aced-0d4c12834994
[15:17:44.517656 INFO] Zip: Extracting measures/da737820-833d-4734-8131-f962d58ea8e2/
[15:17:44.518082 INFO] Zip: Extracting measures/da737820-833d-4734-8131-f962d58ea8e2/LICENSE.md
[15:17:44.519069 INFO] Zip: Extracting measures/da737820-833d-4734-8131-f962d58ea8e2/README.md
[15:17:44.519553 INFO] Zip: Extracting measures/da737820-833d-4734-8131-f962d58ea8e2/README.md.erb
[15:17:44.519867 INFO] Zip: Extracting measures/da737820-833d-4734-8131-f962d58ea8e2/measure.rb
[15:17:44.520454 INFO] Zip: Extracting measures/da737820-833d-4734-8131-f962d58ea8e2/measure.xml
[15:17:44.520945 INFO] Zip: Extracting measures/da737820-833d-4734-8131-f962d58ea8e2/resources/
[15:17:44.521085 INFO] Zip: Extracting measures/da737820-833d-4734-8131-f962d58ea8e2/resources/Siz.AirConditionerVariableRefrigerantFlow.rb
[15:17:44.521441 INFO] Zip: Extracting measures/da737820-833d-4734-8131-f962d58ea8e2/resources/Siz.AirLoopHVAC.rb
[15:17:44.521726 INFO] Zip: Extracting measures/da737820-833d-4734-8131-f962d58ea8e2/resources/Siz.AirLoopHVACUnitaryHeatCoolVAVChangeoverBypass.rb
[15:17:44.522300 INFO] Zip: Extracting measures/da737820-833d-4734-8131-f962d58ea8e2/resources/Siz.AirLoopHVACUnitaryHeatPumpAirToAir.rb
[15:17:44.522715 INFO] Zip: Extracting measures/da737820-833d-4734-8131-f962d58ea8e2/resources/Siz.AirLoopHVACUnitaryHeatPumpAirToAirMultiSpeed.rb
[15:17:44.523241 INFO] Zip: Extracting measures/da737820-833d-4734-8131-f962d58ea8e2/resources/Siz.AirLoopHVACUnitarySystem.rb
[15:17:44.523673 INFO] Zip: Extracting measures/da737820-833d-4734-8131-f962d58ea8e2/resources/Siz.AirTerminalDualDuctVAV.rb
[15:17:44.524133 INFO] Zip: Extracting measures/da737820-833d-4734-8131-f962d58ea8e2/resources/Siz.AirTerminalSingleDuctConstantVolumeCooledBeam.rb
[15:17:44.524561 INFO] Zip: Extracting measures/da737820-833d-4734-8131-f962d58ea8e2/resources/Siz.AirTerminalSingleDuctConstantVolumeFourPipeInduction.rb
[15:17:44.525025 INFO] Zip: Extracting measures/da737820-833d-4734-8131-f962d58ea8e2/resources/Siz.AirTerminalSingleDuctConstantVolumeReheat.rb
[15:17:44.525497 INFO] Zip: Extracting measures/da737820-833d-4734-8131-f962d58ea8e2/resources/Siz.AirTerminalSingleDuctParallelPIUReheat.rb
[15:17:44.525956 INFO] Zip: Extracting measures/da737820-833d-4734-8131-f962d58ea8e2/resources/Siz.AirTerminalSingleDuctSeriesPIUReheat.rb
[15:17:44.526532 INFO] Zip: Extracting measures/da737820-833d-4734-8131-f962d58ea8e2/resources/Siz.AirTerminalSingleDuctUncontrolled.rb
[15:17:44.526920 INFO] Zip: Extracting measures/da737820-833d-4734-8131-f962d58ea8e2/resources/Siz.AirTerminalSingleDuctVAVHeatAndCoolNoReheat.rb
[15:17:44.527378 INFO] Zip: Extracting measures/da737820-833d-4734-8131-f962d58ea8e2/resources/Siz.AirTerminalSingleDuctVAVHeatAndCoolReheat.rb
[15:17:44.527781 INFO] Zip: Extracting measures/da737820-833d-4734-8131-f962d58ea8e2/resources/Siz.AirTerminalSingleDuctVAVNoReheat.rb
[15:17:44.528198 INFO] Zip: Extracting measures/da737820-833d-4734-8131-f962d58ea8e2/resources/Siz.AirTerminalSingleDuctVAVReheat.rb
[15:17:44.528598 INFO] Zip: Extracting measures/da737820-833d-4734-8131-f962d58ea8e2/resources/Siz.BoilerHotWater.rb
[15:17:44.528985 INFO] Zip: Extracting measures/da737820-833d-4734-8131-f962d58ea8e2/resources/Siz.BoilerSteam.rb
[15:17:44.529503 INFO] Zip: Extracting measures/da737820-833d-4734-8131-f962d58ea8e2/resources/Siz.ChillerAbsorption.rb
[15:17:44.529904 INFO] Zip: Extracting measures/da737820-833d-4734-8131-f962d58ea8e2/resources/Siz.ChillerAbsorptionIndirect.rb
[15:17:44.530473 INFO] Zip: Extracting measures/da737820-833d-4734-8131-f962d58ea8e2/resources/Siz.ChillerElectricEIR.rb
[15:17:44.530882 INFO] Zip: Extracting measures/da737820-833d-4734-8131-f962d58ea8e2/resources/Siz.ChillerHeaterPerformanceElectricEIR.rb
[15:17:44.531326 INFO] Zip: Extracting measures/da737820-833d-4734-8131-f962d58ea8e2/resources/Siz.CoilCoolingDXMultiSpeed.rb
[15:17:44.531743 INFO] Zip: Extracting measures/da737820-833d-4734-8131-f962d58ea8e2/resources/Siz.CoilCoolingDXMultiSpeedStageData.rb
[15:17:44.532271 INFO] Zip: Extracting measures/da737820-833d-4734-8131-f962d58ea8e2/resources/Siz.CoilCoolingDXSingleSpeed.rb
[15:17:44.532677 INFO] Zip: Extracting measures/da737820-833d-4734-8131-f962d58ea8e2/resources/Siz.CoilCoolingDXTwoSpeed.rb
[15:17:44.533132 INFO] Zip: Extracting measures/da737820-833d-4734-8131-f962d58ea8e2/resources/Siz.CoilCoolingDXTwoStageWithHumidityControlMode.rb
[15:17:44.533560 INFO] Zip: Extracting measures/da737820-833d-4734-8131-f962d58ea8e2/resources/Siz.CoilCoolingDXVariableRefrigerantFlow.rb
[15:17:44.534104 INFO] Zip: Extracting measures/da737820-833d-4734-8131-f962d58ea8e2/resources/Siz.CoilCoolingDXVariableSpeed.rb
[15:17:44.534539 INFO] Zip: Extracting measures/da737820-833d-4734-8131-f962d58ea8e2/resources/Siz.CoilCoolingDXVariableSpeedSpeedData.rb
[15:17:44.538408 INFO] Zip: Extracting measures/da737820-833d-4734-8131-f962d58ea8e2/resources/Siz.CoilCoolingLowTempRadiantVarFlow.rb
[15:17:44.538761 INFO] Zip: Extracting measures/da737820-833d-4734-8131-f962d58ea8e2/resources/Siz.CoilCoolingWater.rb
[15:17:44.539099 INFO] Zip: Extracting measures/da737820-833d-4734-8131-f962d58ea8e2/resources/Siz.CoilCoolingWaterToAirHeatPumpEquationFit.rb
[15:17:44.539401 INFO] Zip: Extracting measures/da737820-833d-4734-8131-f962d58ea8e2/resources/Siz.CoilCoolingWaterToAirHeatPumpVariableSpeedEquationFit.rb
[15:17:44.539768 INFO] Zip: Extracting measures/da737820-833d-4734-8131-f962d58ea8e2/resources/Siz.CoilCoolingWaterToAirHeatPumpVariableSpeedEquationFitSpeedData.rb
[15:17:44.540156 INFO] Zip: Extracting measures/da737820-833d-4734-8131-f962d58ea8e2/resources/Siz.CoilHeatingDXMultiSpeed.rb
[15:17:44.540454 INFO] Zip: Extracting measures/da737820-833d-4734-8131-f962d58ea8e2/resources/Siz.CoilHeatingDXMultiSpeedStageData.rb
[15:17:44.540815 INFO] Zip: Extracting measures/da737820-833d-4734-8131-f962d58ea8e2/resources/Siz.CoilHeatingDXSingleSpeed.rb
[15:17:44.541166 INFO] Zip: Extracting measures/da737820-833d-4734-8131-f962d58ea8e2/resources/Siz.CoilHeatingDXVariableRefrigerantFlow.rb
[15:17:44.541459 INFO] Zip: Extracting measures/da737820-833d-4734-8131-f962d58ea8e2/resources/Siz.CoilHeatingDXVariableSpeed.rb
[15:17:44.541795 INFO] Zip: Extracting measures/da737820-833d-4734-8131-f962d58ea8e2/resources/Siz.CoilHeatingDXVariableSpeedSpeedData.rb
[15:17:44.542177 INFO] Zip: Extracting measures/da737820-833d-4734-8131-f962d58ea8e2/resources/Siz.CoilHeatingDesuperheater.rb
[15:17:44.542522 INFO] Zip: Extracting measures/da737820-833d-4734-8131-f962d58ea8e2/resources/Siz.CoilHeatingElectric.rb
[15:17:44.542872 INFO] Zip: Extracting measures/da737820-833d-4734-8131-f962d58ea8e2/resources/Siz.CoilHeatingGas.rb
[15:17:44.543201 INFO] Zip: Extracting measures/da737820-833d-4734-8131-f962d58ea8e2/resources/Siz.CoilHeatingGasMultiStage.rb
[15:17:44.543519 INFO] Zip: Extracting measures/da737820-833d-4734-8131-f962d58ea8e2/resources/Siz.CoilHeatingGasMultiStageStageData.rb
[15:17:44.543931 INFO] Zip: Extracting measures/da737820-833d-4734-8131-f962d58ea8e2/resources/Siz.CoilHeatingLowTempRadiantVarFlow.rb
[15:17:44.544332 INFO] Zip: Extracting measures/da737820-833d-4734-8131-f962d58ea8e2/resources/Siz.CoilHeatingWater.rb
[15:17:44.544711 INFO] Zip: Extracting measures/da737820-833d-4734-8131-f962d58ea8e2/resources/Siz.CoilHeatingWaterBaseboard.rb
[15:17:44.545169 INFO] Zip: Extracting measures/da737820-833d-4734-8131-f962d58ea8e2/resources/Siz.CoilHeatingWaterBaseboardRadiant.rb
[15:17:44.545530 INFO] Zip: Extracting measures/da737820-833d-4734-8131-f962d58ea8e2/resources/Siz.CoilHeatingWaterToAirHeatPumpEquationFit.rb
[15:17:44.545933 INFO] Zip: Extracting measures/da737820-833d-4734-8131-f962d58ea8e2/resources/Siz.CoilHeatingWaterToAirHeatPumpVariableSpeedEquationFit.rb
[15:17:44.546355 INFO] Zip: Extracting measures/da737820-833d-4734-8131-f962d58ea8e2/resources/Siz.CoilHeatingWaterToAirHeatPumpVariableSpeedEquationFitSpeedData.rb
[15:17:44.546735 INFO] Zip: Extracting measures/da737820-833d-4734-8131-f962d58ea8e2/resources/Siz.CoilPerformanceDXCooling.rb
[15:17:44.547124 INFO] Zip: Extracting measures/da737820-833d-4734-8131-f962d58ea8e2/resources/Siz.CoilSystemCoolingDXHeatExchangerAssisted.rb
[15:17:44.547466 INFO] Zip: Extracting measures/da737820-833d-4734-8131-f962d58ea8e2/resources/Siz.CoilSystemCoolingWaterHeatExchangerAssisted.rb
[15:17:44.547849 INFO] Zip: Extracting measures/da737820-833d-4734-8131-f962d58ea8e2/resources/Siz.CoilWaterHeatingAirToWaterHeatPump.rb
[15:17:44.548210 INFO] Zip: Extracting measures/da737820-833d-4734-8131-f962d58ea8e2/resources/Siz.CoilWaterHeatingAirToWaterHeatPumpWrapped.rb
[15:17:44.548566 INFO] Zip: Extracting measures/da737820-833d-4734-8131-f962d58ea8e2/resources/Siz.CoilWaterHeatingDesuperheater.rb
[15:17:44.548971 INFO] Zip: Extracting measures/da737820-833d-4734-8131-f962d58ea8e2/resources/Siz.ControllerOutdoorAir.rb
[15:17:44.549387 INFO] Zip: Extracting measures/da737820-833d-4734-8131-f962d58ea8e2/resources/Siz.CoolingTowerSingleSpeed.rb
[15:17:44.549766 INFO] Zip: Extracting measures/da737820-833d-4734-8131-f962d58ea8e2/resources/Siz.CoolingTowerTwoSpeed.rb
[15:17:44.550260 INFO] Zip: Extracting measures/da737820-833d-4734-8131-f962d58ea8e2/resources/Siz.CoolingTowerVariableSpeed.rb
[15:17:44.550609 INFO] Zip: Extracting measures/da737820-833d-4734-8131-f962d58ea8e2/resources/Siz.DistrictCooling.rb
[15:17:44.551039 INFO] Zip: Extracting measures/da737820-833d-4734-8131-f962d58ea8e2/resources/Siz.DistrictHeating.rb
[15:17:44.551366 INFO] Zip: Extracting measures/da737820-833d-4734-8131-f962d58ea8e2/resources/Siz.ElectricLoadCenterInverterLookUpTable.rb
[15:17:44.551727 INFO] Zip: Extracting measures/da737820-833d-4734-8131-f962d58ea8e2/resources/Siz.ElectricLoadCenterInverterSimple.rb
[15:17:44.552136 INFO] Zip: Extracting measures/da737820-833d-4734-8131-f962d58ea8e2/resources/Siz.ElectricLoadCenterStorageConverter.rb
[15:17:44.552558 INFO] Zip: Extracting measures/da737820-833d-4734-8131-f962d58ea8e2/resources/Siz.ElectricLoadCenterStorageSimple.rb
[15:17:44.552939 INFO] Zip: Extracting measures/da737820-833d-4734-8131-f962d58ea8e2/resources/Siz.EvaporativeCoolerDirectResearchSpecial.rb
[15:17:44.553243 INFO] Zip: Extracting measures/da737820-833d-4734-8131-f962d58ea8e2/resources/Siz.EvaporativeCoolerIndirectResearchSpecial.rb
[15:17:44.553592 INFO] Zip: Extracting measures/da737820-833d-4734-8131-f962d58ea8e2/resources/Siz.EvaporativeFluidCoolerSingleSpeed.rb
[15:17:44.553931 INFO] Zip: Extracting measures/da737820-833d-4734-8131-f962d58ea8e2/resources/Siz.EvaporativeFluidCoolerTwoSpeed.rb
[15:17:44.554349 INFO] Zip: Extracting measures/da737820-833d-4734-8131-f962d58ea8e2/resources/Siz.FanConstantVolume.rb
[15:17:44.554734 INFO] Zip: Extracting measures/da737820-833d-4734-8131-f962d58ea8e2/resources/Siz.FanOnOff.rb
[15:17:44.555132 INFO] Zip: Extracting measures/da737820-833d-4734-8131-f962d58ea8e2/resources/Siz.FanVariableVolume.rb
[15:17:44.555492 INFO] Zip: Extracting measures/da737820-833d-4734-8131-f962d58ea8e2/resources/Siz.FanZoneExhaust.rb
[15:17:44.555819 INFO] Zip: Extracting measures/da737820-833d-4734-8131-f962d58ea8e2/resources/Siz.FluidCoolerSingleSpeed.rb
[15:17:44.556204 INFO] Zip: Extracting measures/da737820-833d-4734-8131-f962d58ea8e2/resources/Siz.FluidCoolerTwoSpeed.rb
[15:17:44.556506 INFO] Zip: Extracting measures/da737820-833d-4734-8131-f962d58ea8e2/resources/Siz.GeneratorFuelCellElectricalStorage.rb
[15:17:44.556882 INFO] Zip: Extracting measures/da737820-833d-4734-8131-f962d58ea8e2/resources/Siz.GeneratorFuelCellInverter.rb
[15:17:44.557297 INFO] Zip: Extracting measures/da737820-833d-4734-8131-f962d58ea8e2/resources/Siz.GeneratorFuelCellPowerModule.rb
[15:17:44.557605 INFO] Zip: Extracting measures/da737820-833d-4734-8131-f962d58ea8e2/resources/Siz.GeneratorMicroTurbine.rb
[15:17:44.557960 INFO] Zip: Extracting measures/da737820-833d-4734-8131-f962d58ea8e2/resources/Siz.GeneratorMicroTurbineHeatRecovery.rb
[15:17:44.558351 INFO] Zip: Extracting measures/da737820-833d-4734-8131-f962d58ea8e2/resources/Siz.HVACComponent.rb
[15:17:44.558661 INFO] Zip: Extracting measures/da737820-833d-4734-8131-f962d58ea8e2/resources/Siz.HeaderedPumpsConstantSpeed.rb
[15:17:44.559204 INFO] Zip: Extracting measures/da737820-833d-4734-8131-f962d58ea8e2/resources/Siz.HeaderedPumpsVariableSpeed.rb
[15:17:44.559602 INFO] Zip: Extracting measures/da737820-833d-4734-8131-f962d58ea8e2/resources/Siz.HeatExchangerAirToAirSensibleAndLatent.rb
[15:17:44.560058 INFO] Zip: Extracting measures/da737820-833d-4734-8131-f962d58ea8e2/resources/Siz.HeatExchangerFluidToFluid.rb
[15:17:44.560410 INFO] Zip: Extracting measures/da737820-833d-4734-8131-f962d58ea8e2/resources/Siz.HeatPumpWaterToWaterEquationFitCooling.rb
[15:17:44.560792 INFO] Zip: Extracting measures/da737820-833d-4734-8131-f962d58ea8e2/resources/Siz.HeatPumpWaterToWaterEquationFitHeating.rb
[15:17:44.561189 INFO] Zip: Extracting measures/da737820-833d-4734-8131-f962d58ea8e2/resources/Siz.HumidifierSteamElectric.rb
[15:17:44.561525 INFO] Zip: Extracting measures/da737820-833d-4734-8131-f962d58ea8e2/resources/Siz.Model.rb
[15:17:44.561964 INFO] Zip: Extracting measures/da737820-833d-4734-8131-f962d58ea8e2/resources/Siz.ModelObject.rb
[15:17:44.562358 INFO] Zip: Extracting measures/da737820-833d-4734-8131-f962d58ea8e2/resources/Siz.PhotovoltaicPerformanceSimple.rb
[15:17:44.562657 INFO] Zip: Extracting measures/da737820-833d-4734-8131-f962d58ea8e2/resources/Siz.PlantComponentTemperatureSource.rb
[15:17:44.563077 INFO] Zip: Extracting measures/da737820-833d-4734-8131-f962d58ea8e2/resources/Siz.PlantLoop.rb
[15:17:44.563421 INFO] Zip: Extracting measures/da737820-833d-4734-8131-f962d58ea8e2/resources/Siz.PumpConstantSpeed.rb
[15:17:44.563828 INFO] Zip: Extracting measures/da737820-833d-4734-8131-f962d58ea8e2/resources/Siz.PumpVariableSpeed.rb
[15:17:44.564239 INFO] Zip: Extracting measures/da737820-833d-4734-8131-f962d58ea8e2/resources/Siz.RefrigerationSecondarySystem.rb
[15:17:44.564594 INFO] Zip: Extracting measures/da737820-833d-4734-8131-f962d58ea8e2/resources/Siz.RefrigerationSystem.rb
[15:17:44.564946 INFO] Zip: Extracting measures/da737820-833d-4734-8131-f962d58ea8e2/resources/Siz.RefrigerationTranscriticalSystem.rb
[15:17:44.565336 INFO] Zip: Extracting measures/da737820-833d-4734-8131-f962d58ea8e2/resources/Siz.SizingSystem.rb
[15:17:44.565666 INFO] Zip: Extracting measures/da737820-833d-4734-8131-f962d58ea8e2/resources/Siz.SolarCollectorFlatPlatePhotovoltaicThermal.rb
[15:17:44.566149 INFO] Zip: Extracting measures/da737820-833d-4734-8131-f962d58ea8e2/resources/Siz.SolarCollectorPerformancePhotovoltaicThermalSimple.rb
[15:17:44.566454 INFO] Zip: Extracting measures/da737820-833d-4734-8131-f962d58ea8e2/resources/Siz.ThermalStorageChilledWaterStratified.rb
[15:17:44.566809 INFO] Zip: Extracting measures/da737820-833d-4734-8131-f962d58ea8e2/resources/Siz.WaterHeaterHeatPump.rb
[15:17:44.567129 INFO] Zip: Extracting measures/da737820-833d-4734-8131-f962d58ea8e2/resources/Siz.WaterHeaterHeatPumpWrappedCondenser.rb
[15:17:44.567479 INFO] Zip: Extracting measures/da737820-833d-4734-8131-f962d58ea8e2/resources/Siz.WaterHeaterMixed.rb
[15:17:44.567860 INFO] Zip: Extracting measures/da737820-833d-4734-8131-f962d58ea8e2/resources/Siz.WaterHeaterStratified.rb
[15:17:44.568256 INFO] Zip: Extracting measures/da737820-833d-4734-8131-f962d58ea8e2/resources/Siz.ZoneHVACBaseboardConvectiveElectric.rb
[15:17:44.568592 INFO] Zip: Extracting measures/da737820-833d-4734-8131-f962d58ea8e2/resources/Siz.ZoneHVACBaseboardConvectiveWater.rb
[15:17:44.568932 INFO] Zip: Extracting measures/da737820-833d-4734-8131-f962d58ea8e2/resources/Siz.ZoneHVACBaseboardRadiantConvectiveElectric.rb
[15:17:44.569301 INFO] Zip: Extracting measures/da737820-833d-4734-8131-f962d58ea8e2/resources/Siz.ZoneHVACBaseboardRadiantConvectiveWater.rb
[15:17:44.569648 INFO] Zip: Extracting measures/da737820-833d-4734-8131-f962d58ea8e2/resources/Siz.ZoneHVACEnergyRecoveryVentilator.rb
[15:17:44.570109 INFO] Zip: Extracting measures/da737820-833d-4734-8131-f962d58ea8e2/resources/Siz.ZoneHVACFourPipeFanCoil.rb
[15:17:44.570448 INFO] Zip: Extracting measures/da737820-833d-4734-8131-f962d58ea8e2/resources/Siz.ZoneHVACHighTemperatureRadiant.rb
[15:17:44.570839 INFO] Zip: Extracting measures/da737820-833d-4734-8131-f962d58ea8e2/resources/Siz.ZoneHVACIdealLoadsAirSystem.rb
[15:17:44.571198 INFO] Zip: Extracting measures/da737820-833d-4734-8131-f962d58ea8e2/resources/Siz.ZoneHVACLowTempRadiantConstFlow.rb
[15:17:44.571524 INFO] Zip: Extracting measures/da737820-833d-4734-8131-f962d58ea8e2/resources/Siz.ZoneHVACLowTempRadiantVarFlow.rb
[15:17:44.571932 INFO] Zip: Extracting measures/da737820-833d-4734-8131-f962d58ea8e2/resources/Siz.ZoneHVACPackagedTerminalAirConditioner.rb
[15:17:44.572260 INFO] Zip: Extracting measures/da737820-833d-4734-8131-f962d58ea8e2/resources/Siz.ZoneHVACPackagedTerminalHeatPump.rb
[15:17:44.572585 INFO] Zip: Extracting measures/da737820-833d-4734-8131-f962d58ea8e2/resources/Siz.ZoneHVACTerminalUnitVariableRefrigerantFlow.rb
[15:17:44.572977 INFO] Zip: Extracting measures/da737820-833d-4734-8131-f962d58ea8e2/resources/Siz.ZoneHVACUnitHeater.rb
[15:17:44.573290 INFO] Zip: Extracting measures/da737820-833d-4734-8131-f962d58ea8e2/resources/Siz.ZoneHVACUnitVentilator.rb
[15:17:44.573620 INFO] Zip: Extracting measures/da737820-833d-4734-8131-f962d58ea8e2/resources/Siz.ZoneHVACWaterToAirHeatPump.rb
[15:17:44.574116 INFO] Zip: Extracting measures/da737820-833d-4734-8131-f962d58ea8e2/resources/Siz.ZoneVentilationDesignFlowRate.rb
[15:17:44.574420 INFO] Zip: Extracting measures/da737820-833d-4734-8131-f962d58ea8e2/resources/os_lib_reporting.rb
[15:17:44.576886 INFO] Zip: Extracting measures/da737820-833d-4734-8131-f962d58ea8e2/resources/report.html.erb
[15:17:44.577591 INFO] Zip: Extracting measures/da737820-833d-4734-8131-f962d58ea8e2/tests/
[15:17:44.577774 INFO] Zip: Extracting measures/da737820-833d-4734-8131-f962d58ea8e2/tests/1004_SmallHotel_a.osm
[15:17:44.601146 INFO] Zip: Extracting measures/da737820-833d-4734-8131-f962d58ea8e2/tests/EdgeCaseModel.osm
[15:17:44.604817 INFO] Zip: Extracting measures/da737820-833d-4734-8131-f962d58ea8e2/tests/EmptyModel.osm
[15:17:44.605474 INFO] Zip: Extracting measures/da737820-833d-4734-8131-f962d58ea8e2/tests/ExampleModel.osm
[15:17:44.608852 INFO] Zip: Extracting measures/da737820-833d-4734-8131-f962d58ea8e2/tests/HeatingOnly.osm
[15:17:44.612853 INFO] Zip: Extracting measures/da737820-833d-4734-8131-f962d58ea8e2/tests/NoRunPeriod.osm
[15:17:44.613365 INFO] Zip: Extracting measures/da737820-833d-4734-8131-f962d58ea8e2/tests/OpenStudioResults_Test.rb
[15:17:44.613958 INFO] Zip: Extracting measures/da737820-833d-4734-8131-f962d58ea8e2/tests/PeriodInConstName.osm
[15:17:44.751305 INFO] Zip: Extracting measures/da737820-833d-4734-8131-f962d58ea8e2/tests/USA_CO_Golden-NREL.724666_TMY3.epw
[15:17:44.764606 INFO] Zip: Extracting measures/da737820-833d-4734-8131-f962d58ea8e2/tests/add_tariff.osw
[15:17:44.765268 INFO] Zip: Extracting measures/da737820-833d-4734-8131-f962d58ea8e2/tests/os_results.osw
[15:17:44.765675 INFO] Zip: Extracting measures/nrc_create_necb_prototype_building/
[15:17:44.765831 INFO] Zip: Extracting measures/nrc_create_necb_prototype_building/README.md
[15:17:44.766142 INFO] Zip: Extracting measures/nrc_create_necb_prototype_building/README.md.erb
[15:17:44.766419 INFO] Zip: Extracting measures/nrc_create_necb_prototype_building/measure.rb
[15:17:44.767058 INFO] Zip: Extracting measures/nrc_create_necb_prototype_building/measure.xml
[15:17:44.767543 INFO] Zip: Extracting measures/nrc_create_necb_prototype_building/resources/
[15:17:44.767680 INFO] Zip: Extracting measures/nrc_create_necb_prototype_building/resources/BTAPMeasureHelper.rb
[15:17:44.768118 INFO] Zip: Extracting measures/nrc_create_necb_prototype_building/resources/NRCMeasureHelper.rb
[15:17:44.768436 INFO] Zip: Extracting measures/nrc_create_necb_prototype_building/resources/data_sideload/
[15:17:44.768597 INFO] Zip: Extracting measures/nrc_create_necb_prototype_building/resources/data_sideload/test.txt
[15:17:44.768857 INFO] Zip: Extracting measures/nrc_create_necb_prototype_building/tests/
[15:17:44.768967 INFO] Zip: Extracting measures/nrc_create_necb_prototype_building/tests/common.rb
[15:17:44.769350 INFO] Zip: Extracting measures/nrc_create_necb_prototype_building/tests/regression_models/
[15:17:44.769515 INFO] Zip: Extracting measures/nrc_create_necb_prototype_building/tests/regression_models/FullServiceRestaurant-NECB2015-AB_Banff.osm
[15:17:44.872906 INFO] Zip: Extracting measures/nrc_create_necb_prototype_building/tests/regression_models/FullServiceRestaurant-NECB2015-BC_Vancouver.osm
[15:17:44.875310 INFO] Zip: Extracting measures/nrc_create_necb_prototype_building/tests/regression_models/FullServiceRestaurant-NECB2015-ON_Toronto.osm
[15:17:44.877785 INFO] Zip: Extracting measures/nrc_create_necb_prototype_building/tests/regression_models/HighriseApartment-NECB2017-AB_Banff.osm
[15:17:44.909347 INFO] Zip: Extracting measures/nrc_create_necb_prototype_building/tests/regression_models/HighriseApartment-NECB2017-NB_Fredericton.osm
[15:17:44.934402 INFO] Zip: Extracting measures/nrc_create_necb_prototype_building/tests/regression_models/HighriseApartment-NECB2017-SK_Saskatoon.osm
[15:17:44.964039 INFO] Zip: Extracting measures/nrc_create_necb_prototype_building/tests/regression_models/LargeOffice-NECB2015-AB_Banff.osm
[15:17:44.973585 INFO] Zip: Extracting measures/nrc_create_necb_prototype_building/tests/regression_models/LargeOffice-NECB2015-BC_Vancouver.osm
[15:17:45.078345 INFO] Zip: Extracting measures/nrc_create_necb_prototype_building/tests/regression_models/LargeOffice-NECB2015-ON_Toronto.osm
[15:17:45.086938 INFO] Zip: Extracting measures/nrc_create_necb_prototype_building/tests/regression_models/MediumOffice-NECB2011-AB_Banff.osm
[15:17:45.093450 INFO] Zip: Extracting measures/nrc_create_necb_prototype_building/tests/regression_models/MediumOffice-NECB2011-AB_Edmonton.Intl.osm
[15:17:45.100121 INFO] Zip: Extracting measures/nrc_create_necb_prototype_building/tests/regression_models/MediumOffice-NECB2011-QC_Montreal-Trudeau.osm
[15:17:45.209093 INFO] Zip: Extracting measures/nrc_create_necb_prototype_building/tests/regression_models/MidriseApartment-NECB2020-AB_Banff.osm
[15:17:45.224250 INFO] Zip: Extracting measures/nrc_create_necb_prototype_building/tests/regression_models/MidriseApartment-NECB2020-MB_Winnipeg-Richardson.osm
[15:17:45.244365 INFO] Zip: Extracting measures/nrc_create_necb_prototype_building/tests/regression_models/MidriseApartment-NECB2020-NL_St.Johns.osm
[15:17:45.258342 INFO] Zip: Extracting measures/nrc_create_necb_prototype_building/tests/regression_models/Outpatient-NECB2015-AB_Banff.osm
[15:17:45.296953 INFO] Zip: Extracting measures/nrc_create_necb_prototype_building/tests/regression_models/Outpatient-NECB2015-BC_Vancouver.osm
[15:17:45.327113 INFO] Zip: Extracting measures/nrc_create_necb_prototype_building/tests/regression_models/Outpatient-NECB2015-ON_Toronto.osm
[15:17:45.363522 INFO] Zip: Extracting measures/nrc_create_necb_prototype_building/tests/regression_models/PrimarySchool-NECB2011-AB_Banff.osm
[15:17:45.464744 INFO] Zip: Extracting measures/nrc_create_necb_prototype_building/tests/regression_models/PrimarySchool-NECB2011-AB_Edmonton.Intl.osm
[15:17:45.473475 INFO] Zip: Extracting measures/nrc_create_necb_prototype_building/tests/regression_models/PrimarySchool-NECB2011-QC_Montreal-Trudeau.osm
[15:17:45.481636 INFO] Zip: Extracting measures/nrc_create_necb_prototype_building/tests/regression_models/QuickServiceRestaurant-NECB2017-AB_Banff.osm
[15:17:45.579458 INFO] Zip: Extracting measures/nrc_create_necb_prototype_building/tests/regression_models/QuickServiceRestaurant-NECB2017-NB_Fredericton.osm
[15:17:45.582415 INFO] Zip: Extracting measures/nrc_create_necb_prototype_building/tests/regression_models/QuickServiceRestaurant-NECB2017-SK_Saskatoon.osm
[15:17:45.585048 INFO] Zip: Extracting measures/nrc_create_necb_prototype_building/tests/regression_models/RetailStandalone-NECB2020-AB_Banff.osm
[15:17:45.588937 INFO] Zip: Extracting measures/nrc_create_necb_prototype_building/tests/regression_models/RetailStandalone-NECB2020-MB_Winnipeg-Richardson.osm
[15:17:45.592699 INFO] Zip: Extracting measures/nrc_create_necb_prototype_building/tests/regression_models/RetailStandalone-NECB2020-NL_St.Johns.osm
[15:17:45.596323 INFO] Zip: Extracting measures/nrc_create_necb_prototype_building/tests/regression_models/RetailStripmall-NECB2015-AB_Banff.osm
[15:17:45.599857 INFO] Zip: Extracting measures/nrc_create_necb_prototype_building/tests/regression_models/RetailStripmall-NECB2015-BC_Vancouver.osm
[15:17:45.603173 INFO] Zip: Extracting measures/nrc_create_necb_prototype_building/tests/regression_models/RetailStripmall-NECB2015-ON_Toronto.osm
[15:17:45.606581 INFO] Zip: Extracting measures/nrc_create_necb_prototype_building/tests/regression_models/SecondarySchool-NECB2011-AB_Banff.osm
[15:17:45.626529 INFO] Zip: Extracting measures/nrc_create_necb_prototype_building/tests/regression_models/SecondarySchool-NECB2011-AB_Edmonton.Intl.osm
[15:17:45.640456 INFO] Zip: Extracting measures/nrc_create_necb_prototype_building/tests/regression_models/SecondarySchool-NECB2011-QC_Montreal-Trudeau.osm
[15:17:45.653598 INFO] Zip: Extracting measures/nrc_create_necb_prototype_building/tests/regression_models/SmallHotel-NECB2011-AB_Banff.osm
[15:17:45.688096 INFO] Zip: Extracting measures/nrc_create_necb_prototype_building/tests/regression_models/SmallHotel-NECB2011-AB_Edmonton.Intl.osm
[15:17:45.715193 INFO] Zip: Extracting measures/nrc_create_necb_prototype_building/tests/regression_models/SmallHotel-NECB2011-QC_Montreal-Trudeau.osm
[15:17:45.742795 INFO] Zip: Extracting measures/nrc_create_necb_prototype_building/tests/regression_models/SmallOffice-NECB2011-AB_Banff.osm
[15:17:45.746892 INFO] Zip: Extracting measures/nrc_create_necb_prototype_building/tests/regression_models/SmallOffice-NECB2011-AB_Edmonton.Intl.osm
[15:17:45.846435 INFO] Zip: Extracting measures/nrc_create_necb_prototype_building/tests/regression_models/SmallOffice-NECB2011-QC_Montreal-Trudeau.osm
[15:17:45.850098 INFO] Zip: Extracting measures/nrc_create_necb_prototype_building/tests/regression_models/Warehouse-NECB2011-AB_Banff.osm
[15:17:45.853232 INFO] Zip: Extracting measures/nrc_create_necb_prototype_building/tests/regression_models/Warehouse-NECB2011-AB_Edmonton.Intl.osm
[15:17:45.856194 INFO] Zip: Extracting measures/nrc_create_necb_prototype_building/tests/regression_models/Warehouse-NECB2011-QC_Montreal-Trudeau.osm
[15:17:45.858737 INFO] Zip: Extracting measures/nrc_create_necb_prototype_building/tests/regression_models/Warehouse-NECB2015-AB_Banff.osm
[15:17:45.861827 INFO] Zip: Extracting measures/nrc_create_necb_prototype_building/tests/regression_models/Warehouse-NECB2015-BC_Vancouver.osm
[15:17:45.864541 INFO] Zip: Extracting measures/nrc_create_necb_prototype_building/tests/regression_models/Warehouse-NECB2015-ON_Toronto.osm
[15:17:45.867618 INFO] Zip: Extracting measures/nrc_create_necb_prototype_building/tests/regression_models/Warehouse-NECB2017-AB_Banff.osm
[15:17:45.870691 INFO] Zip: Extracting measures/nrc_create_necb_prototype_building/tests/regression_models/Warehouse-NECB2017-NB_Fredericton.osm
[15:17:45.873748 INFO] Zip: Extracting measures/nrc_create_necb_prototype_building/tests/regression_models/Warehouse-NECB2017-SK_Saskatoon.osm
[15:17:45.876841 INFO] Zip: Extracting measures/nrc_create_necb_prototype_building/tests/regression_models/Warehouse-NECB2020-AB_Banff.osm
[15:17:45.886046 INFO] Zip: Extracting measures/nrc_create_necb_prototype_building/tests/regression_models/Warehouse-NECB2020-MB_Winnipeg-Richardson.osm
[15:17:45.888837 INFO] Zip: Extracting measures/nrc_create_necb_prototype_building/tests/regression_models/Warehouse-NECB2020-NL_St.Johns.osm
[15:17:45.891597 INFO] Zip: Extracting measures/nrc_create_necb_prototype_building/tests/test_2011.rb
[15:17:45.892093 INFO] Zip: Extracting measures/nrc_create_necb_prototype_building/tests/test_2015.rb
[15:17:45.892429 INFO] Zip: Extracting measures/nrc_create_necb_prototype_building/tests/test_2017.rb
[15:17:45.892717 INFO] Zip: Extracting measures/nrc_create_necb_prototype_building/tests/test_2020.rb
[15:17:45.893064 INFO] Zip: Extracting measures/nrc_report_utility_costs/
[15:17:45.893201 INFO] Zip: Extracting measures/nrc_report_utility_costs/README.md
[15:17:45.893537 INFO] Zip: Extracting measures/nrc_report_utility_costs/README.md.erb
[15:17:45.893836 INFO] Zip: Extracting measures/nrc_report_utility_costs/measure.rb
[15:17:45.894293 INFO] Zip: Extracting measures/nrc_report_utility_costs/measure.xml
[15:17:45.894627 INFO] Zip: Extracting measures/nrc_report_utility_costs/resources/
[15:17:45.894749 INFO] Zip: Extracting measures/nrc_report_utility_costs/resources/BTAPMeasureHelper.rb
[15:17:45.895255 INFO] Zip: Extracting measures/nrc_report_utility_costs/resources/NRCReportingMeasureHelper.rb
[15:17:45.895703 INFO] Zip: Extracting measures/nrc_report_utility_costs/resources/report.html.in
[15:17:45.896045 INFO] Zip: Extracting measures/nrc_report_utility_costs/tests/
[15:17:45.896190 INFO] Zip: Extracting measures/nrc_report_utility_costs/tests/SmallOffice.osm
[15:17:45.899931 INFO] Zip: Extracting measures/nrc_report_utility_costs/tests/test.rb
[15:17:45.900339 INFO] Zip: Extracting measures/nrc_report_utility_costs/tests/weather_files/
[15:17:45.900465 INFO] Zip: Extracting measures/nrc_report_utility_costs/tests/weather_files/CAN_ON_Ottawa-Macdonald-Cartier.Intl.AP.716280_CWEC2016.epw
[15:17:45.911668 INFO] Zip: Extracting scripts/analysis/finalize.args
[15:17:45.912324 INFO] Zip: Extracting scripts/analysis/finalize.sh
[15:17:45.912624 INFO] Zip: Extracting scripts/data_point/initialize.args
[15:17:45.912903 INFO] Zip: Extracting scripts/data_point/initialize.sh
[15:17:45.913292 INFO] Zip: Extracting seeds/EmptyModel.osm
[15:17:45.913655 INFO] Zip: Extracting weather/SeedWeather.epw
[15:17:45.926493 INFO] Downloading analysis.json from http://web:80/analyses/d904aff1-dbdd-41a2-aced-0d4c12834994.json
[15:17:45.953123 INFO] Checking for presence of args file at /mnt/openstudio/analysis_d904aff1-dbdd-41a2-aced-0d4c12834994/scripts/data_point/initialize.args
[15:17:45.953241 INFO]  args loaded from file /mnt/openstudio/analysis_d904aff1-dbdd-41a2-aced-0d4c12834994/scripts/data_point/initialize.args: []
[15:17:45.953265 INFO] Checking for presence of script file at /mnt/openstudio/analysis_d904aff1-dbdd-41a2-aced-0d4c12834994/scripts/data_point/initialize.sh
[15:17:45.953384 DEBUG] updating permissions for /mnt/openstudio/analysis_d904aff1-dbdd-41a2-aced-0d4c12834994/scripts/data_point/initialize.sh
[15:17:45.953415 DEBUG] removing DOS endings for /mnt/openstudio/analysis_d904aff1-dbdd-41a2-aced-0d4c12834994/scripts/data_point/initialize.sh
[15:17:45.953566 DEBUG] running /mnt/openstudio/analysis_d904aff1-dbdd-41a2-aced-0d4c12834994/scripts/data_point/initialize.sh
[15:17:46.594331 DEBUG] Script returned with exit code 0 of class Integer
[15:17:46.594719 INFO] Finished worker initialization
[15:17:46.594755 INFO] RestClient delete
[15:17:46.594774 INFO] delete post_count = 1
[15:17:46.603939 INFO] Downloading datapoint from http://web:80/data_points/c566d152-4100-4e8e-b600-3d48eed90378.json
[15:17:46.604010 INFO] get url post_count = 1
[15:17:46.615659 INFO] Creating Workflow Manager instance
[15:17:46.615741 INFO] Directory is /mnt/openstudio/analysis_d904aff1-dbdd-41a2-aced-0d4c12834994/data_point_c566d152-4100-4e8e-b600-3d48eed90378
[15:17:46.615789 INFO] Opening run.log file '/mnt/openstudio/analysis_d904aff1-dbdd-41a2-aced-0d4c12834994/data_point_c566d152-4100-4e8e-b600-3d48eed90378/run/run.log'
[15:17:46.615927 WARN] Error finding Oscli: OPENSTUDIO_EXE_PATH not set
[15:17:46.640051 WARN] Defaulting to fun Oscli via /usr/local/bin/openstudio
[15:17:46.640210 INFO] Returning Oscli cmd: /usr/local/bin/openstudio --bundle /var/oscli/Gemfile --bundle_path /var/oscli/gems 
[15:17:46.640387 INFO] Running workflow using cmd /usr/local/bin/openstudio --bundle /var/oscli/Gemfile --bundle_path /var/oscli/gems   run --workflow '/mnt/openstudio/analysis_d904aff1-dbdd-41a2-aced-0d4c12834994/data_point_c566d152-4100-4e8e-b600-3d48eed90378/data_point.osw'  and writing log to /mnt/openstudio/analysis_d904aff1-dbdd-41a2-aced-0d4c12834994/data_point_c566d152-4100-4e8e-b600-3d48eed90378/oscli_simulation.log
[15:20:05.956726 INFO] Oscli output: E, [2021-12-24T15:17:49.155709 #4254] ERROR -- : Error activating gem :/ruby/2.5.0/specifications/public_suffix-4.0.5.gemspec
E, [2021-12-24T15:17:49.155776 #4254] ERROR -- : Error activating gem :/ruby/2.5.0/specifications/addressable-2.7.0.gemspec
E, [2021-12-24T15:17:49.155869 #4254] ERROR -- : Error activating gem :/ruby/2.5.0/specifications/ast-2.4.1.gemspec
E, [2021-12-24T15:17:49.156046 #4254] ERROR -- : Error activating gem :/ruby/2.5.0/specifications/rubyzip-2.3.0.gemspec
E, [2021-12-24T15:17:49.156098 #4254] ERROR -- : Error activating gem :/ruby/2.5.0/specifications/simplecov-html-0.12.2.gemspec
E, [2021-12-24T15:17:49.156133 #4254] ERROR -- : Error activating gem :/ruby/2.5.0/specifications/docile-1.3.2.gemspec
E, [2021-12-24T15:17:49.156182 #4254] ERROR -- : Error activating gem :/ruby/2.5.0/specifications/unicode-display_width-1.7.0.gemspec
E, [2021-12-24T15:17:49.156217 #4254] ERROR -- : Error activating gem :/ruby/2.5.0/specifications/ruby-progressbar-1.10.1.gemspec
E, [2021-12-24T15:17:49.156262 #4254] ERROR -- : Error activating gem :/ruby/2.5.0/specifications/powerpack-0.1.2.gemspec
E, [2021-12-24T15:17:49.156297 #4254] ERROR -- : Error activating gem :/ruby/2.5.0/specifications/parser-2.7.1.4.gemspec
E, [2021-12-24T15:17:49.156381 #4254] ERROR -- : Error activating gem :/ruby/2.5.0/specifications/rake-13.0.1.gemspec
E, [2021-12-24T15:17:49.156430 #4254] ERROR -- : Error activating gem :/ruby/2.5.0/specifications/minitest-5.14.1.gemspec
E, [2021-12-24T15:17:49.156464 #4254] ERROR -- : Error activating gem :/ruby/2.5.0/specifications/minitest-reporters-1.4.2.gemspec
E, [2021-12-24T15:17:49.158196 #4254] ERROR -- : Error activating gem :/ruby/2.5.0/specifications/openstudio-standards-0.2.11.gemspec
NECB2017
Warehouse
AB_Banff
NECB2017
Warehouse
AB_Banff
Creating NECB2017_MediumOffice
INFO: apply_standard_construction_properties
INFO:NECB HDD18 of 2850.0  at nearest city Sidney,BC, at a distance of %.2f % 2.0156338519978534km from epw location. Ref:necb_2015_table_c1
INFO:NECB HDD18 of 2850.0  at nearest city Sidney,BC, at a distance of %.2f % 2.0156338519978534km from epw location. Ref:necb_2015_table_c1
INFO: assign_interior_surface_construction_to_adiabatic_surfaces
INFO:  apply_standard_construction_properties was sucessful.
INFO:NECB HDD18 of 2850.0  at nearest city Sidney,BC, at a distance of %.2f % 2.0156338519978534km from epw location. Ref:necb_2015_table_c1
"/usr/local/openstudio-3.0.1/bin/openstudio-3.0.1" run -w "/mnt/openstudio/analysis_d904aff1-dbdd-41a2-aced-0d4c12834994/data_point_c566d152-4100-4e8e-b600-3d48eed90378/run/000_nrc_create_necb_prototype_building/autozone/in.osw"
"/usr/local/openstudio-3.0.1/bin/openstudio-3.0.1" run -w "/mnt/openstudio/analysis_d904aff1-dbdd-41a2-aced-0d4c12834994/data_point_c566d152-4100-4e8e-b600-3d48eed90378/run/000_nrc_create_necb_prototype_building/autozone_systems/in.osw"
"/usr/local/openstudio-3.0.1/bin/openstudio-3.0.1" run -w "/mnt/openstudio/analysis_d904aff1-dbdd-41a2-aced-0d4c12834994/data_point_c566d152-4100-4e8e-b600-3d48eed90378/run/000_nrc_create_necb_prototype_building/plant_loops/in.osw"
economizer_required = true for sys_6|mixed|shr>none|sh>c-e|sc>c-chw|ssf>vv|zh>b-e|zc>none|srf>vv| because dsafr_l_per_s(5306.09242629827) > 1500
economizer_required = true for sys_6|mixed|shr>none|sh>c-e|sc>c-chw|ssf>vv|zh>b-e|zc>none|srf>vv| because total_cooling_capacity_btu_per_hr(295885.23820916144) >= 68243
economizer_required = true for sys_6|mixed|shr>none|sh>c-e|sc>c-chw|ssf>vv|zh>b-e|zc>none|srf>vv| 1 because dsafr_l_per_s(5348.736937292198) > 1500
economizer_required = true for sys_6|mixed|shr>none|sh>c-e|sc>c-chw|ssf>vv|zh>b-e|zc>none|srf>vv| 1 because total_cooling_capacity_btu_per_hr(298421.19846564275) >= 68243
economizer_required = true for sys_6|mixed|shr>none|sh>c-e|sc>c-chw|ssf>vv|zh>b-e|zc>none|srf>vv| 2 because dsafr_l_per_s(5589.7007238123415) > 1500
economizer_required = true for sys_6|mixed|shr>none|sh>c-e|sc>c-chw|ssf>vv|zh>b-e|zc>none|srf>vv| 2 because total_cooling_capacity_btu_per_hr(311079.8743578964) >= 68243
"/usr/local/openstudio-3.0.1/bin/openstudio-3.0.1" run -w "/mnt/openstudio/analysis_d904aff1-dbdd-41a2-aced-0d4c12834994/data_point_c566d152-4100-4e8e-b600-3d48eed90378/run/000_nrc_create_necb_prototype_building/SR2/in.osw"
INFO: Model name is now MediumOffice.
[15:18:44.583106 WARN] [openstudio.EpwFile] Successive data points (2011-Jan-31 to 2008-Feb-01, ending on line 753) are greater than 1 day apart in EPW file '/var/gems/openstudio-standards/data/weather/CAN_BC_Victoria.Intl.AP.717990_CWEC2016.epw'. Data will be treated as typical (TMY)
[15:18:44.583223 WARN] [openstudio.weather.Model] Could not find ground temperatures in stat file; will use standards lookup.
[15:18:44.583263 WARN] [openstudio.weather.Model] Could not find ground temperatures in standards lookup; will use generic temperatures, which will skew results.
[15:18:44.583603 WARN] [openstudio.EpwFile] Successive data points (2011-Jan-31 to 2008-Feb-01, ending on line 753) are greater than 1 day apart in EPW file '/var/gems/openstudio-standards/data/weather/CAN_BC_Victoria.Intl.AP.717990_CWEC2016.epw'. Data will be treated as typical (TMY)
[15:18:44.583668 WARN] [openstudio.EpwFile] Successive data points (2011-Jan-31 to 2008-Feb-01, ending on line 753) are greater than 1 day apart in EPW file '/var/gems/openstudio-standards/data/weather/CAN_BC_Victoria.Intl.AP.717990_CWEC2016.epw'. Data will be treated as typical (TMY)
[15:18:44.583761 WARN] [openstudio.EpwFile] Successive data points (2011-Jan-31 to 2008-Feb-01, ending on line 753) are greater than 1 day apart in EPW file '/var/gems/openstudio-standards/data/weather/CAN_BC_Victoria.Intl.AP.717990_CWEC2016.epw'. Data will be treated as typical (TMY)
[15:18:44.583938 WARN] [openstudio.EpwFile] Successive data points (2011-Jan-31 to 2008-Feb-01, ending on line 753) are greater than 1 day apart in EPW file '/var/gems/openstudio-standards/data/weather/CAN_BC_Victoria.Intl.AP.717990_CWEC2016.epw'. Data will be treated as typical (TMY)
[15:18:44.583985 WARN] [openstudio.model.ChillerElectricEIR] Cannot set condenserType to 'WaterCooled', chiller 'Chiller Electric EIR 1' is not connected to a secondaryPlantLoop
[15:18:44.583998 WARN] [openstudio.model.ChillerElectricEIR] Cannot set condenserType to 'WaterCooled', chiller 'Chiller Electric EIR 2' is not connected to a secondaryPlantLoop
[15:18:44.584092 WARN] [openstudio.standards.Fan] For Sys6 Return Fan, there is no greater nominal HP.  Use the efficiency of the largest motor category.
[15:18:44.584141 WARN] [openstudio.standards.Fan] For Sys6 Return Fan 1, there is no greater nominal HP.  Use the efficiency of the largest motor category.
[15:18:44.584160 WARN] [openstudio.standards.Fan] For Sys6 Return Fan 2, there is no greater nominal HP.  Use the efficiency of the largest motor category.
[15:18:44.584178 WARN] [openstudio.standards.Fan] For Sys6 Supply Fan, there is no greater nominal HP.  Use the efficiency of the largest motor category.
[15:18:44.584231 WARN] [openstudio.standards.Fan] For Sys6 Supply Fan 1, there is no greater nominal HP.  Use the efficiency of the largest motor category.
[15:18:44.584249 WARN] [openstudio.standards.Fan] For Sys6 Supply Fan 2, there is no greater nominal HP.  Use the efficiency of the largest motor category.
[15:18:44.584399 WARN] [openstudio.EpwFile] Successive data points (2011-Jan-31 to 2008-Feb-01, ending on line 753) are greater than 1 day apart in EPW file '/var/gems/openstudio-standards/data/weather/CAN_BC_Victoria.Intl.AP.717990_CWEC2016.epw'. Data will be treated as typical (TMY)
[15:18:44.584593 WARN] [openstudio.EpwFile] Successive data points (2011-Jan-31 to 2008-Feb-01, ending on line 753) are greater than 1 day apart in EPW file '/var/gems/openstudio-standards/data/weather/CAN_BC_Victoria.Intl.AP.717990_CWEC2016.epw'. Data will be treated as typical (TMY)
[15:18:44.584729 WARN] [openstudio.EpwFile] Successive data points (2011-Jan-31 to 2008-Feb-01, ending on line 753) are greater than 1 day apart in EPW file '/var/gems/openstudio-standards/data/weather/CAN_BC_Victoria.Intl.AP.717990_CWEC2016.epw'. Data will be treated as typical (TMY)
[15:18:44.584833 WARN] [openstudio.standards.Fan] For Sys6 Return Fan, there is no greater nominal HP.  Use the efficiency of the largest motor category.
[15:18:44.584853 WARN] [openstudio.standards.Fan] For Sys6 Return Fan 1, there is no greater nominal HP.  Use the efficiency of the largest motor category.
[15:18:44.584897 WARN] [openstudio.standards.Fan] For Sys6 Return Fan 2, there is no greater nominal HP.  Use the efficiency of the largest motor category.
[15:18:44.584915 WARN] [openstudio.standards.Fan] For Sys6 Supply Fan, there is no greater nominal HP.  Use the efficiency of the largest motor category.
[15:18:44.584956 WARN] [openstudio.standards.Fan] For Sys6 Supply Fan 1, there is no greater nominal HP.  Use the efficiency of the largest motor category.
[15:18:44.584974 WARN] [openstudio.standards.Fan] For Sys6 Supply Fan 2, there is no greater nominal HP.  Use the efficiency of the largest motor category.
[15:18:44.585049 WARN] [openstudio.standards.CoolingTower] For Cooling Tower Single Speed 1, cannot find heat rejection properties, cannot apply standard efficiencies or curves.
Use rates below
Use rates below
Use rates below
Use rates below
[31mERROR: SQL read failed to find a value with query
SELECT Value 
          FROM TabularDataWithStrings
          WHERE ReportName='EnergyMeters'
          AND ReportForString='Entire Facility'
          AND TableName='Annual and Peak Values - Natural Gas'
		  AND RowName='NaturalGas:Facility'
          AND ColumnName='Natural Gas Annual Value'
          AND Units='GJ'[0m

[15:20:05.964850 INFO] Saving files/reports back to the server
[15:20:05.964944 INFO] downloading reports/*.{html,json,csv}
[15:20:05.965156 INFO] Saving report /mnt/openstudio/analysis_d904aff1-dbdd-41a2-aced-0d4c12834994/data_point_c566d152-4100-4e8e-b600-3d48eed90378/reports/openstudio_results_report.html to http://web:80/data_points/c566d152-4100-4e8e-b600-3d48eed90378/upload_file
[15:20:06.135073 INFO] Saving report responded with {"id":"61c5e526c49b2500db5341bc","data_point_id":"c566d152-4100-4e8e-b600-3d48eed90378","display_name":"openstudio_results_report","type":"Report","created_at":"2021-12-24T15:20:06.021Z","updated_at":"2021-12-24T15:20:06.021Z"}
[15:20:06.135360 INFO] Saving report /mnt/openstudio/analysis_d904aff1-dbdd-41a2-aced-0d4c12834994/data_point_c566d152-4100-4e8e-b600-3d48eed90378/reports/nrc_report_utility_costs_report.html to http://web:80/data_points/c566d152-4100-4e8e-b600-3d48eed90378/upload_file
[15:20:06.208014 INFO] Saving report responded with {"id":"61c5e526c49b2500db5341bd","data_point_id":"c566d152-4100-4e8e-b600-3d48eed90378","display_name":"nrc_report_utility_costs_report","type":"Report","created_at":"2021-12-24T15:20:06.147Z","updated_at":"2021-12-24T15:20:06.147Z"}
[15:20:06.208289 INFO] Saving report /mnt/openstudio/analysis_d904aff1-dbdd-41a2-aced-0d4c12834994/data_point_c566d152-4100-4e8e-b600-3d48eed90378/reports/eplustbl.html to http://web:80/data_points/c566d152-4100-4e8e-b600-3d48eed90378/upload_file
[15:20:06.310567 INFO] Saving report responded with {"id":"61c5e526c49b2500db5341be","data_point_id":"c566d152-4100-4e8e-b600-3d48eed90378","display_name":"eplustbl","type":"Report","created_at":"2021-12-24T15:20:06.235Z","updated_at":"2021-12-24T15:20:06.235Z"}
[15:20:06.310959 INFO] Saving report /mnt/openstudio/analysis_d904aff1-dbdd-41a2-aced-0d4c12834994/data_point_c566d152-4100-4e8e-b600-3d48eed90378/run/objectives.json to http://web:80/data_points/c566d152-4100-4e8e-b600-3d48eed90378/upload_file
[15:20:06.383768 INFO] Saving report responded with {"id":"61c5e526c49b2500db5341bf","data_point_id":"c566d152-4100-4e8e-b600-3d48eed90378","display_name":"objectives","type":"Report","created_at":"2021-12-24T15:20:06.324Z","updated_at":"2021-12-24T15:20:06.324Z"}
[15:20:06.384026 INFO] downloading out.OSW
[15:20:06.384117 INFO] Saving report /mnt/openstudio/analysis_d904aff1-dbdd-41a2-aced-0d4c12834994/data_point_c566d152-4100-4e8e-b600-3d48eed90378/out.osw to http://web:80/data_points/c566d152-4100-4e8e-b600-3d48eed90378/upload_file
[15:20:06.461528 INFO] Saving report responded with {"id":"61c5e526c49b2500db5341c0","data_point_id":"c566d152-4100-4e8e-b600-3d48eed90378","display_name":"Final OSW File","type":"Report","created_at":"2021-12-24T15:20:06.396Z","updated_at":"2021-12-24T15:20:06.396Z"}
[15:20:06.461827 INFO] downloading in.OSM
[15:20:06.461972 INFO] downloading datapoint.ZIP
[15:20:06.462031 INFO] Saving report /mnt/openstudio/analysis_d904aff1-dbdd-41a2-aced-0d4c12834994/data_point_c566d152-4100-4e8e-b600-3d48eed90378/run/data_point.zip to http://web:80/data_points/c566d152-4100-4e8e-b600-3d48eed90378/upload_file
[15:20:07.559064 INFO] Saving report responded with {"id":"61c5e527c49b2500db5341c1","data_point_id":"c566d152-4100-4e8e-b600-3d48eed90378","display_name":"Zip File","type":"Data Point","created_at":"2021-12-24T15:20:07.001Z","updated_at":"2021-12-24T15:20:07.001Z"}
[15:20:07.559412 INFO] Checking for presence of args file at /mnt/openstudio/analysis_d904aff1-dbdd-41a2-aced-0d4c12834994/scripts/data_point/finalize.args
[15:20:07.559480 INFO] Checking for presence of script file at /mnt/openstudio/analysis_d904aff1-dbdd-41a2-aced-0d4c12834994/scripts/data_point/finalize.sh
[15:20:07.564128 INFO] Finished /opt/openstudio/server/app/jobs/dj_jobs/run_simulate_data_point.rb
