# Logfile created on 2021-12-24 15:17:15 +0000 by logger.rb/61378
[15:17:15.229584 INFO] Server host is http://web:80
[15:17:15.229793 INFO] Analysis directory is /mnt/openstudio/analysis_d904aff1-dbdd-41a2-aced-0d4c12834994
[15:17:15.229871 INFO] Simulation directory is /mnt/openstudio/analysis_d904aff1-dbdd-41a2-aced-0d4c12834994/data_point_63a1b71a-130b-4070-8825-bf091b18d2f9
[15:17:15.229889 INFO] Run datapoint type/file is 
[15:17:15.229916 INFO] Starting initialize_worker for datapoint 63a1b71a-130b-4070-8825-bf091b18d2f9
[15:17:15.230407 INFO] Downloading analysis zip from http://web:80/analyses/d904aff1-dbdd-41a2-aced-0d4c12834994/download_analysis_zip
[15:17:17.807194 INFO] Extracting analysis zip to /mnt/openstudio/analysis_d904aff1-dbdd-41a2-aced-0d4c12834994
[15:17:17.815623 INFO] Zip: Extracting measures/da737820-833d-4734-8131-f962d58ea8e2/
[15:17:17.816019 INFO] Zip: Extracting measures/da737820-833d-4734-8131-f962d58ea8e2/LICENSE.md
[15:17:17.817055 INFO] Zip: Extracting measures/da737820-833d-4734-8131-f962d58ea8e2/README.md
[15:17:17.817535 INFO] Zip: Extracting measures/da737820-833d-4734-8131-f962d58ea8e2/README.md.erb
[15:17:17.818004 INFO] Zip: Extracting measures/da737820-833d-4734-8131-f962d58ea8e2/measure.rb
[15:17:17.818546 INFO] Zip: Extracting measures/da737820-833d-4734-8131-f962d58ea8e2/measure.xml
[15:17:17.819233 INFO] Zip: Extracting measures/da737820-833d-4734-8131-f962d58ea8e2/resources/
[15:17:17.819371 INFO] Zip: Extracting measures/da737820-833d-4734-8131-f962d58ea8e2/resources/Siz.AirConditionerVariableRefrigerantFlow.rb
[15:17:17.819751 INFO] Zip: Extracting measures/da737820-833d-4734-8131-f962d58ea8e2/resources/Siz.AirLoopHVAC.rb
[15:17:17.820244 INFO] Zip: Extracting measures/da737820-833d-4734-8131-f962d58ea8e2/resources/Siz.AirLoopHVACUnitaryHeatCoolVAVChangeoverBypass.rb
[15:17:17.820674 INFO] Zip: Extracting measures/da737820-833d-4734-8131-f962d58ea8e2/resources/Siz.AirLoopHVACUnitaryHeatPumpAirToAir.rb
[15:17:17.821295 INFO] Zip: Extracting measures/da737820-833d-4734-8131-f962d58ea8e2/resources/Siz.AirLoopHVACUnitaryHeatPumpAirToAirMultiSpeed.rb
[15:17:17.821691 INFO] Zip: Extracting measures/da737820-833d-4734-8131-f962d58ea8e2/resources/Siz.AirLoopHVACUnitarySystem.rb
[15:17:17.822141 INFO] Zip: Extracting measures/da737820-833d-4734-8131-f962d58ea8e2/resources/Siz.AirTerminalDualDuctVAV.rb
[15:17:17.822535 INFO] Zip: Extracting measures/da737820-833d-4734-8131-f962d58ea8e2/resources/Siz.AirTerminalSingleDuctConstantVolumeCooledBeam.rb
[15:17:17.822973 INFO] Zip: Extracting measures/da737820-833d-4734-8131-f962d58ea8e2/resources/Siz.AirTerminalSingleDuctConstantVolumeFourPipeInduction.rb
[15:17:17.823412 INFO] Zip: Extracting measures/da737820-833d-4734-8131-f962d58ea8e2/resources/Siz.AirTerminalSingleDuctConstantVolumeReheat.rb
[15:17:17.823824 INFO] Zip: Extracting measures/da737820-833d-4734-8131-f962d58ea8e2/resources/Siz.AirTerminalSingleDuctParallelPIUReheat.rb
[15:17:17.824252 INFO] Zip: Extracting measures/da737820-833d-4734-8131-f962d58ea8e2/resources/Siz.AirTerminalSingleDuctSeriesPIUReheat.rb
[15:17:17.824708 INFO] Zip: Extracting measures/da737820-833d-4734-8131-f962d58ea8e2/resources/Siz.AirTerminalSingleDuctUncontrolled.rb
[15:17:17.825383 INFO] Zip: Extracting measures/da737820-833d-4734-8131-f962d58ea8e2/resources/Siz.AirTerminalSingleDuctVAVHeatAndCoolNoReheat.rb
[15:17:17.825835 INFO] Zip: Extracting measures/da737820-833d-4734-8131-f962d58ea8e2/resources/Siz.AirTerminalSingleDuctVAVHeatAndCoolReheat.rb
[15:17:17.826261 INFO] Zip: Extracting measures/da737820-833d-4734-8131-f962d58ea8e2/resources/Siz.AirTerminalSingleDuctVAVNoReheat.rb
[15:17:17.826672 INFO] Zip: Extracting measures/da737820-833d-4734-8131-f962d58ea8e2/resources/Siz.AirTerminalSingleDuctVAVReheat.rb
[15:17:17.827140 INFO] Zip: Extracting measures/da737820-833d-4734-8131-f962d58ea8e2/resources/Siz.BoilerHotWater.rb
[15:17:17.827528 INFO] Zip: Extracting measures/da737820-833d-4734-8131-f962d58ea8e2/resources/Siz.BoilerSteam.rb
[15:17:17.827929 INFO] Zip: Extracting measures/da737820-833d-4734-8131-f962d58ea8e2/resources/Siz.ChillerAbsorption.rb
[15:17:17.828377 INFO] Zip: Extracting measures/da737820-833d-4734-8131-f962d58ea8e2/resources/Siz.ChillerAbsorptionIndirect.rb
[15:17:17.828777 INFO] Zip: Extracting measures/da737820-833d-4734-8131-f962d58ea8e2/resources/Siz.ChillerElectricEIR.rb
[15:17:17.829266 INFO] Zip: Extracting measures/da737820-833d-4734-8131-f962d58ea8e2/resources/Siz.ChillerHeaterPerformanceElectricEIR.rb
[15:17:17.829660 INFO] Zip: Extracting measures/da737820-833d-4734-8131-f962d58ea8e2/resources/Siz.CoilCoolingDXMultiSpeed.rb
[15:17:17.948328 INFO] Zip: Extracting measures/da737820-833d-4734-8131-f962d58ea8e2/resources/Siz.CoilCoolingDXMultiSpeedStageData.rb
[15:17:17.948854 INFO] Zip: Extracting measures/da737820-833d-4734-8131-f962d58ea8e2/resources/Siz.CoilCoolingDXSingleSpeed.rb
[15:17:17.949238 INFO] Zip: Extracting measures/da737820-833d-4734-8131-f962d58ea8e2/resources/Siz.CoilCoolingDXTwoSpeed.rb
[15:17:17.949517 INFO] Zip: Extracting measures/da737820-833d-4734-8131-f962d58ea8e2/resources/Siz.CoilCoolingDXTwoStageWithHumidityControlMode.rb
[15:17:17.949849 INFO] Zip: Extracting measures/da737820-833d-4734-8131-f962d58ea8e2/resources/Siz.CoilCoolingDXVariableRefrigerantFlow.rb
[15:17:17.950158 INFO] Zip: Extracting measures/da737820-833d-4734-8131-f962d58ea8e2/resources/Siz.CoilCoolingDXVariableSpeed.rb
[15:17:17.950460 INFO] Zip: Extracting measures/da737820-833d-4734-8131-f962d58ea8e2/resources/Siz.CoilCoolingDXVariableSpeedSpeedData.rb
[15:17:17.950725 INFO] Zip: Extracting measures/da737820-833d-4734-8131-f962d58ea8e2/resources/Siz.CoilCoolingLowTempRadiantVarFlow.rb
[15:17:17.951065 INFO] Zip: Extracting measures/da737820-833d-4734-8131-f962d58ea8e2/resources/Siz.CoilCoolingWater.rb
[15:17:17.951378 INFO] Zip: Extracting measures/da737820-833d-4734-8131-f962d58ea8e2/resources/Siz.CoilCoolingWaterToAirHeatPumpEquationFit.rb
[15:17:17.951698 INFO] Zip: Extracting measures/da737820-833d-4734-8131-f962d58ea8e2/resources/Siz.CoilCoolingWaterToAirHeatPumpVariableSpeedEquationFit.rb
[15:17:17.952031 INFO] Zip: Extracting measures/da737820-833d-4734-8131-f962d58ea8e2/resources/Siz.CoilCoolingWaterToAirHeatPumpVariableSpeedEquationFitSpeedData.rb
[15:17:17.952343 INFO] Zip: Extracting measures/da737820-833d-4734-8131-f962d58ea8e2/resources/Siz.CoilHeatingDXMultiSpeed.rb
[15:17:17.952646 INFO] Zip: Extracting measures/da737820-833d-4734-8131-f962d58ea8e2/resources/Siz.CoilHeatingDXMultiSpeedStageData.rb
[15:17:17.953007 INFO] Zip: Extracting measures/da737820-833d-4734-8131-f962d58ea8e2/resources/Siz.CoilHeatingDXSingleSpeed.rb
[15:17:17.953302 INFO] Zip: Extracting measures/da737820-833d-4734-8131-f962d58ea8e2/resources/Siz.CoilHeatingDXVariableRefrigerantFlow.rb
[15:17:17.953579 INFO] Zip: Extracting measures/da737820-833d-4734-8131-f962d58ea8e2/resources/Siz.CoilHeatingDXVariableSpeed.rb
[15:17:17.953909 INFO] Zip: Extracting measures/da737820-833d-4734-8131-f962d58ea8e2/resources/Siz.CoilHeatingDXVariableSpeedSpeedData.rb
[15:17:17.954216 INFO] Zip: Extracting measures/da737820-833d-4734-8131-f962d58ea8e2/resources/Siz.CoilHeatingDesuperheater.rb
[15:17:17.954492 INFO] Zip: Extracting measures/da737820-833d-4734-8131-f962d58ea8e2/resources/Siz.CoilHeatingElectric.rb
[15:17:17.954813 INFO] Zip: Extracting measures/da737820-833d-4734-8131-f962d58ea8e2/resources/Siz.CoilHeatingGas.rb
[15:17:17.955117 INFO] Zip: Extracting measures/da737820-833d-4734-8131-f962d58ea8e2/resources/Siz.CoilHeatingGasMultiStage.rb
[15:17:17.955402 INFO] Zip: Extracting measures/da737820-833d-4734-8131-f962d58ea8e2/resources/Siz.CoilHeatingGasMultiStageStageData.rb
[15:17:17.955704 INFO] Zip: Extracting measures/da737820-833d-4734-8131-f962d58ea8e2/resources/Siz.CoilHeatingLowTempRadiantVarFlow.rb
[15:17:17.956023 INFO] Zip: Extracting measures/da737820-833d-4734-8131-f962d58ea8e2/resources/Siz.CoilHeatingWater.rb
[15:17:17.956348 INFO] Zip: Extracting measures/da737820-833d-4734-8131-f962d58ea8e2/resources/Siz.CoilHeatingWaterBaseboard.rb
[15:17:17.956640 INFO] Zip: Extracting measures/da737820-833d-4734-8131-f962d58ea8e2/resources/Siz.CoilHeatingWaterBaseboardRadiant.rb
[15:17:17.957023 INFO] Zip: Extracting measures/da737820-833d-4734-8131-f962d58ea8e2/resources/Siz.CoilHeatingWaterToAirHeatPumpEquationFit.rb
[15:17:17.957330 INFO] Zip: Extracting measures/da737820-833d-4734-8131-f962d58ea8e2/resources/Siz.CoilHeatingWaterToAirHeatPumpVariableSpeedEquationFit.rb
[15:17:17.957603 INFO] Zip: Extracting measures/da737820-833d-4734-8131-f962d58ea8e2/resources/Siz.CoilHeatingWaterToAirHeatPumpVariableSpeedEquationFitSpeedData.rb
[15:17:17.957893 INFO] Zip: Extracting measures/da737820-833d-4734-8131-f962d58ea8e2/resources/Siz.CoilPerformanceDXCooling.rb
[15:17:17.958214 INFO] Zip: Extracting measures/da737820-833d-4734-8131-f962d58ea8e2/resources/Siz.CoilSystemCoolingDXHeatExchangerAssisted.rb
[15:17:17.958500 INFO] Zip: Extracting measures/da737820-833d-4734-8131-f962d58ea8e2/resources/Siz.CoilSystemCoolingWaterHeatExchangerAssisted.rb
[15:17:17.958753 INFO] Zip: Extracting measures/da737820-833d-4734-8131-f962d58ea8e2/resources/Siz.CoilWaterHeatingAirToWaterHeatPump.rb
[15:17:17.959087 INFO] Zip: Extracting measures/da737820-833d-4734-8131-f962d58ea8e2/resources/Siz.CoilWaterHeatingAirToWaterHeatPumpWrapped.rb
[15:17:17.959371 INFO] Zip: Extracting measures/da737820-833d-4734-8131-f962d58ea8e2/resources/Siz.CoilWaterHeatingDesuperheater.rb
[15:17:17.959647 INFO] Zip: Extracting measures/da737820-833d-4734-8131-f962d58ea8e2/resources/Siz.ControllerOutdoorAir.rb
[15:17:17.959961 INFO] Zip: Extracting measures/da737820-833d-4734-8131-f962d58ea8e2/resources/Siz.CoolingTowerSingleSpeed.rb
[15:17:17.960318 INFO] Zip: Extracting measures/da737820-833d-4734-8131-f962d58ea8e2/resources/Siz.CoolingTowerTwoSpeed.rb
[15:17:17.960619 INFO] Zip: Extracting measures/da737820-833d-4734-8131-f962d58ea8e2/resources/Siz.CoolingTowerVariableSpeed.rb
[15:17:17.960924 INFO] Zip: Extracting measures/da737820-833d-4734-8131-f962d58ea8e2/resources/Siz.DistrictCooling.rb
[15:17:17.961256 INFO] Zip: Extracting measures/da737820-833d-4734-8131-f962d58ea8e2/resources/Siz.DistrictHeating.rb
[15:17:17.961569 INFO] Zip: Extracting measures/da737820-833d-4734-8131-f962d58ea8e2/resources/Siz.ElectricLoadCenterInverterLookUpTable.rb
[15:17:17.961906 INFO] Zip: Extracting measures/da737820-833d-4734-8131-f962d58ea8e2/resources/Siz.ElectricLoadCenterInverterSimple.rb
[15:17:17.962244 INFO] Zip: Extracting measures/da737820-833d-4734-8131-f962d58ea8e2/resources/Siz.ElectricLoadCenterStorageConverter.rb
[15:17:17.962504 INFO] Zip: Extracting measures/da737820-833d-4734-8131-f962d58ea8e2/resources/Siz.ElectricLoadCenterStorageSimple.rb
[15:17:17.962812 INFO] Zip: Extracting measures/da737820-833d-4734-8131-f962d58ea8e2/resources/Siz.EvaporativeCoolerDirectResearchSpecial.rb
[15:17:17.963118 INFO] Zip: Extracting measures/da737820-833d-4734-8131-f962d58ea8e2/resources/Siz.EvaporativeCoolerIndirectResearchSpecial.rb
[15:17:17.963462 INFO] Zip: Extracting measures/da737820-833d-4734-8131-f962d58ea8e2/resources/Siz.EvaporativeFluidCoolerSingleSpeed.rb
[15:17:17.963719 INFO] Zip: Extracting measures/da737820-833d-4734-8131-f962d58ea8e2/resources/Siz.EvaporativeFluidCoolerTwoSpeed.rb
[15:17:17.964021 INFO] Zip: Extracting measures/da737820-833d-4734-8131-f962d58ea8e2/resources/Siz.FanConstantVolume.rb
[15:17:17.964297 INFO] Zip: Extracting measures/da737820-833d-4734-8131-f962d58ea8e2/resources/Siz.FanOnOff.rb
[15:17:17.964567 INFO] Zip: Extracting measures/da737820-833d-4734-8131-f962d58ea8e2/resources/Siz.FanVariableVolume.rb
[15:17:17.964878 INFO] Zip: Extracting measures/da737820-833d-4734-8131-f962d58ea8e2/resources/Siz.FanZoneExhaust.rb
[15:17:17.965216 INFO] Zip: Extracting measures/da737820-833d-4734-8131-f962d58ea8e2/resources/Siz.FluidCoolerSingleSpeed.rb
[15:17:17.965489 INFO] Zip: Extracting measures/da737820-833d-4734-8131-f962d58ea8e2/resources/Siz.FluidCoolerTwoSpeed.rb
[15:17:17.965782 INFO] Zip: Extracting measures/da737820-833d-4734-8131-f962d58ea8e2/resources/Siz.GeneratorFuelCellElectricalStorage.rb
[15:17:17.966199 INFO] Zip: Extracting measures/da737820-833d-4734-8131-f962d58ea8e2/resources/Siz.GeneratorFuelCellInverter.rb
[15:17:17.966471 INFO] Zip: Extracting measures/da737820-833d-4734-8131-f962d58ea8e2/resources/Siz.GeneratorFuelCellPowerModule.rb
[15:17:17.966725 INFO] Zip: Extracting measures/da737820-833d-4734-8131-f962d58ea8e2/resources/Siz.GeneratorMicroTurbine.rb
[15:17:17.967043 INFO] Zip: Extracting measures/da737820-833d-4734-8131-f962d58ea8e2/resources/Siz.GeneratorMicroTurbineHeatRecovery.rb
[15:17:17.967321 INFO] Zip: Extracting measures/da737820-833d-4734-8131-f962d58ea8e2/resources/Siz.HVACComponent.rb
[15:17:17.967597 INFO] Zip: Extracting measures/da737820-833d-4734-8131-f962d58ea8e2/resources/Siz.HeaderedPumpsConstantSpeed.rb
[15:17:17.967895 INFO] Zip: Extracting measures/da737820-833d-4734-8131-f962d58ea8e2/resources/Siz.HeaderedPumpsVariableSpeed.rb
[15:17:17.968285 INFO] Zip: Extracting measures/da737820-833d-4734-8131-f962d58ea8e2/resources/Siz.HeatExchangerAirToAirSensibleAndLatent.rb
[15:17:17.968554 INFO] Zip: Extracting measures/da737820-833d-4734-8131-f962d58ea8e2/resources/Siz.HeatExchangerFluidToFluid.rb
[15:17:17.968855 INFO] Zip: Extracting measures/da737820-833d-4734-8131-f962d58ea8e2/resources/Siz.HeatPumpWaterToWaterEquationFitCooling.rb
[15:17:17.969167 INFO] Zip: Extracting measures/da737820-833d-4734-8131-f962d58ea8e2/resources/Siz.HeatPumpWaterToWaterEquationFitHeating.rb
[15:17:17.969485 INFO] Zip: Extracting measures/da737820-833d-4734-8131-f962d58ea8e2/resources/Siz.HumidifierSteamElectric.rb
[15:17:17.969748 INFO] Zip: Extracting measures/da737820-833d-4734-8131-f962d58ea8e2/resources/Siz.Model.rb
[15:17:17.970240 INFO] Zip: Extracting measures/da737820-833d-4734-8131-f962d58ea8e2/resources/Siz.ModelObject.rb
[15:17:17.970578 INFO] Zip: Extracting measures/da737820-833d-4734-8131-f962d58ea8e2/resources/Siz.PhotovoltaicPerformanceSimple.rb
[15:17:17.970872 INFO] Zip: Extracting measures/da737820-833d-4734-8131-f962d58ea8e2/resources/Siz.PlantComponentTemperatureSource.rb
[15:17:17.971172 INFO] Zip: Extracting measures/da737820-833d-4734-8131-f962d58ea8e2/resources/Siz.PlantLoop.rb
[15:17:17.971423 INFO] Zip: Extracting measures/da737820-833d-4734-8131-f962d58ea8e2/resources/Siz.PumpConstantSpeed.rb
[15:17:17.971710 INFO] Zip: Extracting measures/da737820-833d-4734-8131-f962d58ea8e2/resources/Siz.PumpVariableSpeed.rb
[15:17:17.972000 INFO] Zip: Extracting measures/da737820-833d-4734-8131-f962d58ea8e2/resources/Siz.RefrigerationSecondarySystem.rb
[15:17:17.972292 INFO] Zip: Extracting measures/da737820-833d-4734-8131-f962d58ea8e2/resources/Siz.RefrigerationSystem.rb
[15:17:17.972544 INFO] Zip: Extracting measures/da737820-833d-4734-8131-f962d58ea8e2/resources/Siz.RefrigerationTranscriticalSystem.rb
[15:17:17.972848 INFO] Zip: Extracting measures/da737820-833d-4734-8131-f962d58ea8e2/resources/Siz.SizingSystem.rb
[15:17:17.973171 INFO] Zip: Extracting measures/da737820-833d-4734-8131-f962d58ea8e2/resources/Siz.SolarCollectorFlatPlatePhotovoltaicThermal.rb
[15:17:17.973486 INFO] Zip: Extracting measures/da737820-833d-4734-8131-f962d58ea8e2/resources/Siz.SolarCollectorPerformancePhotovoltaicThermalSimple.rb
[15:17:17.973781 INFO] Zip: Extracting measures/da737820-833d-4734-8131-f962d58ea8e2/resources/Siz.ThermalStorageChilledWaterStratified.rb
[15:17:17.974149 INFO] Zip: Extracting measures/da737820-833d-4734-8131-f962d58ea8e2/resources/Siz.WaterHeaterHeatPump.rb
[15:17:17.974431 INFO] Zip: Extracting measures/da737820-833d-4734-8131-f962d58ea8e2/resources/Siz.WaterHeaterHeatPumpWrappedCondenser.rb
[15:17:17.974683 INFO] Zip: Extracting measures/da737820-833d-4734-8131-f962d58ea8e2/resources/Siz.WaterHeaterMixed.rb
[15:17:17.974950 INFO] Zip: Extracting measures/da737820-833d-4734-8131-f962d58ea8e2/resources/Siz.WaterHeaterStratified.rb
[15:17:17.975383 INFO] Zip: Extracting measures/da737820-833d-4734-8131-f962d58ea8e2/resources/Siz.ZoneHVACBaseboardConvectiveElectric.rb
[15:17:17.975685 INFO] Zip: Extracting measures/da737820-833d-4734-8131-f962d58ea8e2/resources/Siz.ZoneHVACBaseboardConvectiveWater.rb
[15:17:17.976009 INFO] Zip: Extracting measures/da737820-833d-4734-8131-f962d58ea8e2/resources/Siz.ZoneHVACBaseboardRadiantConvectiveElectric.rb
[15:17:17.976302 INFO] Zip: Extracting measures/da737820-833d-4734-8131-f962d58ea8e2/resources/Siz.ZoneHVACBaseboardRadiantConvectiveWater.rb
[15:17:17.976572 INFO] Zip: Extracting measures/da737820-833d-4734-8131-f962d58ea8e2/resources/Siz.ZoneHVACEnergyRecoveryVentilator.rb
[15:17:17.976896 INFO] Zip: Extracting measures/da737820-833d-4734-8131-f962d58ea8e2/resources/Siz.ZoneHVACFourPipeFanCoil.rb
[15:17:17.977230 INFO] Zip: Extracting measures/da737820-833d-4734-8131-f962d58ea8e2/resources/Siz.ZoneHVACHighTemperatureRadiant.rb
[15:17:17.977515 INFO] Zip: Extracting measures/da737820-833d-4734-8131-f962d58ea8e2/resources/Siz.ZoneHVACIdealLoadsAirSystem.rb
[15:17:17.977780 INFO] Zip: Extracting measures/da737820-833d-4734-8131-f962d58ea8e2/resources/Siz.ZoneHVACLowTempRadiantConstFlow.rb
[15:17:17.978223 INFO] Zip: Extracting measures/da737820-833d-4734-8131-f962d58ea8e2/resources/Siz.ZoneHVACLowTempRadiantVarFlow.rb
[15:17:17.978536 INFO] Zip: Extracting measures/da737820-833d-4734-8131-f962d58ea8e2/resources/Siz.ZoneHVACPackagedTerminalAirConditioner.rb
[15:17:17.978844 INFO] Zip: Extracting measures/da737820-833d-4734-8131-f962d58ea8e2/resources/Siz.ZoneHVACPackagedTerminalHeatPump.rb
[15:17:17.979204 INFO] Zip: Extracting measures/da737820-833d-4734-8131-f962d58ea8e2/resources/Siz.ZoneHVACTerminalUnitVariableRefrigerantFlow.rb
[15:17:17.979508 INFO] Zip: Extracting measures/da737820-833d-4734-8131-f962d58ea8e2/resources/Siz.ZoneHVACUnitHeater.rb
[15:17:17.979767 INFO] Zip: Extracting measures/da737820-833d-4734-8131-f962d58ea8e2/resources/Siz.ZoneHVACUnitVentilator.rb
[15:17:17.980152 INFO] Zip: Extracting measures/da737820-833d-4734-8131-f962d58ea8e2/resources/Siz.ZoneHVACWaterToAirHeatPump.rb
[15:17:17.980456 INFO] Zip: Extracting measures/da737820-833d-4734-8131-f962d58ea8e2/resources/Siz.ZoneVentilationDesignFlowRate.rb
[15:17:17.980720 INFO] Zip: Extracting measures/da737820-833d-4734-8131-f962d58ea8e2/resources/os_lib_reporting.rb
[15:17:17.982431 INFO] Zip: Extracting measures/da737820-833d-4734-8131-f962d58ea8e2/resources/report.html.erb
[15:17:17.982911 INFO] Zip: Extracting measures/da737820-833d-4734-8131-f962d58ea8e2/tests/
[15:17:17.983077 INFO] Zip: Extracting measures/da737820-833d-4734-8131-f962d58ea8e2/tests/1004_SmallHotel_a.osm
[15:17:18.096602 INFO] Zip: Extracting measures/da737820-833d-4734-8131-f962d58ea8e2/tests/EdgeCaseModel.osm
[15:17:18.099166 INFO] Zip: Extracting measures/da737820-833d-4734-8131-f962d58ea8e2/tests/EmptyModel.osm
[15:17:18.099591 INFO] Zip: Extracting measures/da737820-833d-4734-8131-f962d58ea8e2/tests/ExampleModel.osm
[15:17:18.102105 INFO] Zip: Extracting measures/da737820-833d-4734-8131-f962d58ea8e2/tests/HeatingOnly.osm
[15:17:18.104860 INFO] Zip: Extracting measures/da737820-833d-4734-8131-f962d58ea8e2/tests/NoRunPeriod.osm
[15:17:18.105298 INFO] Zip: Extracting measures/da737820-833d-4734-8131-f962d58ea8e2/tests/OpenStudioResults_Test.rb
[15:17:18.105709 INFO] Zip: Extracting measures/da737820-833d-4734-8131-f962d58ea8e2/tests/PeriodInConstName.osm
[15:17:18.127569 INFO] Zip: Extracting measures/da737820-833d-4734-8131-f962d58ea8e2/tests/USA_CO_Golden-NREL.724666_TMY3.epw
[15:17:18.138623 INFO] Zip: Extracting measures/da737820-833d-4734-8131-f962d58ea8e2/tests/add_tariff.osw
[15:17:18.139207 INFO] Zip: Extracting measures/da737820-833d-4734-8131-f962d58ea8e2/tests/os_results.osw
[15:17:18.139540 INFO] Zip: Extracting measures/nrc_create_necb_prototype_building/
[15:17:18.139665 INFO] Zip: Extracting measures/nrc_create_necb_prototype_building/README.md
[15:17:18.139930 INFO] Zip: Extracting measures/nrc_create_necb_prototype_building/README.md.erb
[15:17:18.140303 INFO] Zip: Extracting measures/nrc_create_necb_prototype_building/measure.rb
[15:17:18.140701 INFO] Zip: Extracting measures/nrc_create_necb_prototype_building/measure.xml
[15:17:18.141162 INFO] Zip: Extracting measures/nrc_create_necb_prototype_building/resources/
[15:17:18.141281 INFO] Zip: Extracting measures/nrc_create_necb_prototype_building/resources/BTAPMeasureHelper.rb
[15:17:18.141684 INFO] Zip: Extracting measures/nrc_create_necb_prototype_building/resources/NRCMeasureHelper.rb
[15:17:18.142043 INFO] Zip: Extracting measures/nrc_create_necb_prototype_building/resources/data_sideload/
[15:17:18.142180 INFO] Zip: Extracting measures/nrc_create_necb_prototype_building/resources/data_sideload/test.txt
[15:17:18.142441 INFO] Zip: Extracting measures/nrc_create_necb_prototype_building/tests/
[15:17:18.142552 INFO] Zip: Extracting measures/nrc_create_necb_prototype_building/tests/common.rb
[15:17:18.142957 INFO] Zip: Extracting measures/nrc_create_necb_prototype_building/tests/regression_models/
[15:17:18.143129 INFO] Zip: Extracting measures/nrc_create_necb_prototype_building/tests/regression_models/FullServiceRestaurant-NECB2015-AB_Banff.osm
[15:17:18.145414 INFO] Zip: Extracting measures/nrc_create_necb_prototype_building/tests/regression_models/FullServiceRestaurant-NECB2015-BC_Vancouver.osm
[15:17:18.147483 INFO] Zip: Extracting measures/nrc_create_necb_prototype_building/tests/regression_models/FullServiceRestaurant-NECB2015-ON_Toronto.osm
[15:17:18.149851 INFO] Zip: Extracting measures/nrc_create_necb_prototype_building/tests/regression_models/HighriseApartment-NECB2017-AB_Banff.osm
[15:17:18.181372 INFO] Zip: Extracting measures/nrc_create_necb_prototype_building/tests/regression_models/HighriseApartment-NECB2017-NB_Fredericton.osm
[15:17:18.302741 INFO] Zip: Extracting measures/nrc_create_necb_prototype_building/tests/regression_models/HighriseApartment-NECB2017-SK_Saskatoon.osm
[15:17:18.423972 INFO] Zip: Extracting measures/nrc_create_necb_prototype_building/tests/regression_models/LargeOffice-NECB2015-AB_Banff.osm
[15:17:18.432545 INFO] Zip: Extracting measures/nrc_create_necb_prototype_building/tests/regression_models/LargeOffice-NECB2015-BC_Vancouver.osm
[15:17:18.439835 INFO] Zip: Extracting measures/nrc_create_necb_prototype_building/tests/regression_models/LargeOffice-NECB2015-ON_Toronto.osm
[15:17:18.453792 INFO] Zip: Extracting measures/nrc_create_necb_prototype_building/tests/regression_models/MediumOffice-NECB2011-AB_Banff.osm
[15:17:18.460252 INFO] Zip: Extracting measures/nrc_create_necb_prototype_building/tests/regression_models/MediumOffice-NECB2011-AB_Edmonton.Intl.osm
[15:17:18.466731 INFO] Zip: Extracting measures/nrc_create_necb_prototype_building/tests/regression_models/MediumOffice-NECB2011-QC_Montreal-Trudeau.osm
[15:17:18.472455 INFO] Zip: Extracting measures/nrc_create_necb_prototype_building/tests/regression_models/MidriseApartment-NECB2020-AB_Banff.osm
[15:17:18.486959 INFO] Zip: Extracting measures/nrc_create_necb_prototype_building/tests/regression_models/MidriseApartment-NECB2020-MB_Winnipeg-Richardson.osm
[15:17:18.506685 INFO] Zip: Extracting measures/nrc_create_necb_prototype_building/tests/regression_models/MidriseApartment-NECB2020-NL_St.Johns.osm
[15:17:18.524119 INFO] Zip: Extracting measures/nrc_create_necb_prototype_building/tests/regression_models/Outpatient-NECB2015-AB_Banff.osm
[15:17:18.561648 INFO] Zip: Extracting measures/nrc_create_necb_prototype_building/tests/regression_models/Outpatient-NECB2015-BC_Vancouver.osm
[15:17:18.686988 INFO] Zip: Extracting measures/nrc_create_necb_prototype_building/tests/regression_models/Outpatient-NECB2015-ON_Toronto.osm
[15:17:18.815145 INFO] Zip: Extracting measures/nrc_create_necb_prototype_building/tests/regression_models/PrimarySchool-NECB2011-AB_Banff.osm
[15:17:18.825263 INFO] Zip: Extracting measures/nrc_create_necb_prototype_building/tests/regression_models/PrimarySchool-NECB2011-AB_Edmonton.Intl.osm
[15:17:18.851294 INFO] Zip: Extracting measures/nrc_create_necb_prototype_building/tests/regression_models/PrimarySchool-NECB2011-QC_Montreal-Trudeau.osm
[15:17:18.860172 INFO] Zip: Extracting measures/nrc_create_necb_prototype_building/tests/regression_models/QuickServiceRestaurant-NECB2017-AB_Banff.osm
[15:17:18.863027 INFO] Zip: Extracting measures/nrc_create_necb_prototype_building/tests/regression_models/QuickServiceRestaurant-NECB2017-NB_Fredericton.osm
[15:17:18.865748 INFO] Zip: Extracting measures/nrc_create_necb_prototype_building/tests/regression_models/QuickServiceRestaurant-NECB2017-SK_Saskatoon.osm
[15:17:18.868376 INFO] Zip: Extracting measures/nrc_create_necb_prototype_building/tests/regression_models/RetailStandalone-NECB2020-AB_Banff.osm
[15:17:18.872485 INFO] Zip: Extracting measures/nrc_create_necb_prototype_building/tests/regression_models/RetailStandalone-NECB2020-MB_Winnipeg-Richardson.osm
[15:17:18.876411 INFO] Zip: Extracting measures/nrc_create_necb_prototype_building/tests/regression_models/RetailStandalone-NECB2020-NL_St.Johns.osm
[15:17:18.880135 INFO] Zip: Extracting measures/nrc_create_necb_prototype_building/tests/regression_models/RetailStripmall-NECB2015-AB_Banff.osm
[15:17:18.883664 INFO] Zip: Extracting measures/nrc_create_necb_prototype_building/tests/regression_models/RetailStripmall-NECB2015-BC_Vancouver.osm
[15:17:18.886907 INFO] Zip: Extracting measures/nrc_create_necb_prototype_building/tests/regression_models/RetailStripmall-NECB2015-ON_Toronto.osm
[15:17:18.890473 INFO] Zip: Extracting measures/nrc_create_necb_prototype_building/tests/regression_models/SecondarySchool-NECB2011-AB_Banff.osm
[15:17:18.911061 INFO] Zip: Extracting measures/nrc_create_necb_prototype_building/tests/regression_models/SecondarySchool-NECB2011-AB_Edmonton.Intl.osm
[15:17:18.925223 INFO] Zip: Extracting measures/nrc_create_necb_prototype_building/tests/regression_models/SecondarySchool-NECB2011-QC_Montreal-Trudeau.osm
[15:17:18.940316 INFO] Zip: Extracting measures/nrc_create_necb_prototype_building/tests/regression_models/SmallHotel-NECB2011-AB_Banff.osm
[15:17:18.981074 INFO] Zip: Extracting measures/nrc_create_necb_prototype_building/tests/regression_models/SmallHotel-NECB2011-AB_Edmonton.Intl.osm
[15:17:19.012844 INFO] Zip: Extracting measures/nrc_create_necb_prototype_building/tests/regression_models/SmallHotel-NECB2011-QC_Montreal-Trudeau.osm
[15:17:19.043385 INFO] Zip: Extracting measures/nrc_create_necb_prototype_building/tests/regression_models/SmallOffice-NECB2011-AB_Banff.osm
[15:17:19.047055 INFO] Zip: Extracting measures/nrc_create_necb_prototype_building/tests/regression_models/SmallOffice-NECB2011-AB_Edmonton.Intl.osm
[15:17:19.051940 INFO] Zip: Extracting measures/nrc_create_necb_prototype_building/tests/regression_models/SmallOffice-NECB2011-QC_Montreal-Trudeau.osm
[15:17:19.056914 INFO] Zip: Extracting measures/nrc_create_necb_prototype_building/tests/regression_models/Warehouse-NECB2011-AB_Banff.osm
[15:17:19.061240 INFO] Zip: Extracting measures/nrc_create_necb_prototype_building/tests/regression_models/Warehouse-NECB2011-AB_Edmonton.Intl.osm
[15:17:19.065448 INFO] Zip: Extracting measures/nrc_create_necb_prototype_building/tests/regression_models/Warehouse-NECB2011-QC_Montreal-Trudeau.osm
[15:17:19.069172 INFO] Zip: Extracting measures/nrc_create_necb_prototype_building/tests/regression_models/Warehouse-NECB2015-AB_Banff.osm
[15:17:19.167279 INFO] Zip: Extracting measures/nrc_create_necb_prototype_building/tests/regression_models/Warehouse-NECB2015-BC_Vancouver.osm
[15:17:19.169990 INFO] Zip: Extracting measures/nrc_create_necb_prototype_building/tests/regression_models/Warehouse-NECB2015-ON_Toronto.osm
[15:17:19.172977 INFO] Zip: Extracting measures/nrc_create_necb_prototype_building/tests/regression_models/Warehouse-NECB2017-AB_Banff.osm
[15:17:19.175902 INFO] Zip: Extracting measures/nrc_create_necb_prototype_building/tests/regression_models/Warehouse-NECB2017-NB_Fredericton.osm
[15:17:19.178733 INFO] Zip: Extracting measures/nrc_create_necb_prototype_building/tests/regression_models/Warehouse-NECB2017-SK_Saskatoon.osm
[15:17:19.181621 INFO] Zip: Extracting measures/nrc_create_necb_prototype_building/tests/regression_models/Warehouse-NECB2020-AB_Banff.osm
[15:17:19.184418 INFO] Zip: Extracting measures/nrc_create_necb_prototype_building/tests/regression_models/Warehouse-NECB2020-MB_Winnipeg-Richardson.osm
[15:17:19.187009 INFO] Zip: Extracting measures/nrc_create_necb_prototype_building/tests/regression_models/Warehouse-NECB2020-NL_St.Johns.osm
[15:17:19.189518 INFO] Zip: Extracting measures/nrc_create_necb_prototype_building/tests/test_2011.rb
[15:17:19.189855 INFO] Zip: Extracting measures/nrc_create_necb_prototype_building/tests/test_2015.rb
[15:17:19.190289 INFO] Zip: Extracting measures/nrc_create_necb_prototype_building/tests/test_2017.rb
[15:17:19.190580 INFO] Zip: Extracting measures/nrc_create_necb_prototype_building/tests/test_2020.rb
[15:17:19.190910 INFO] Zip: Extracting measures/nrc_report_utility_costs/
[15:17:19.191044 INFO] Zip: Extracting measures/nrc_report_utility_costs/README.md
[15:17:19.191355 INFO] Zip: Extracting measures/nrc_report_utility_costs/README.md.erb
[15:17:19.191606 INFO] Zip: Extracting measures/nrc_report_utility_costs/measure.rb
[15:17:19.192017 INFO] Zip: Extracting measures/nrc_report_utility_costs/measure.xml
[15:17:19.192392 INFO] Zip: Extracting measures/nrc_report_utility_costs/resources/
[15:17:19.192520 INFO] Zip: Extracting measures/nrc_report_utility_costs/resources/BTAPMeasureHelper.rb
[15:17:19.193034 INFO] Zip: Extracting measures/nrc_report_utility_costs/resources/NRCReportingMeasureHelper.rb
[15:17:19.193428 INFO] Zip: Extracting measures/nrc_report_utility_costs/resources/report.html.in
[15:17:19.193712 INFO] Zip: Extracting measures/nrc_report_utility_costs/tests/
[15:17:19.193859 INFO] Zip: Extracting measures/nrc_report_utility_costs/tests/SmallOffice.osm
[15:17:19.197325 INFO] Zip: Extracting measures/nrc_report_utility_costs/tests/test.rb
[15:17:19.197676 INFO] Zip: Extracting measures/nrc_report_utility_costs/tests/weather_files/
[15:17:19.197809 INFO] Zip: Extracting measures/nrc_report_utility_costs/tests/weather_files/CAN_ON_Ottawa-Macdonald-Cartier.Intl.AP.716280_CWEC2016.epw
[15:17:19.214311 INFO] Zip: Extracting scripts/analysis/finalize.args
[15:17:19.215022 INFO] Zip: Extracting scripts/analysis/finalize.sh
[15:17:19.215361 INFO] Zip: Extracting scripts/data_point/initialize.args
[15:17:19.215644 INFO] Zip: Extracting scripts/data_point/initialize.sh
[15:17:19.215936 INFO] Zip: Extracting seeds/EmptyModel.osm
[15:17:19.216344 INFO] Zip: Extracting weather/SeedWeather.epw
[15:17:19.229309 INFO] Downloading analysis.json from http://web:80/analyses/d904aff1-dbdd-41a2-aced-0d4c12834994.json
[15:17:19.266232 INFO] Checking for presence of args file at /mnt/openstudio/analysis_d904aff1-dbdd-41a2-aced-0d4c12834994/scripts/data_point/initialize.args
[15:17:19.266350 INFO]  args loaded from file /mnt/openstudio/analysis_d904aff1-dbdd-41a2-aced-0d4c12834994/scripts/data_point/initialize.args: []
[15:17:19.266377 INFO] Checking for presence of script file at /mnt/openstudio/analysis_d904aff1-dbdd-41a2-aced-0d4c12834994/scripts/data_point/initialize.sh
[15:17:19.266488 DEBUG] updating permissions for /mnt/openstudio/analysis_d904aff1-dbdd-41a2-aced-0d4c12834994/scripts/data_point/initialize.sh
[15:17:19.266527 DEBUG] removing DOS endings for /mnt/openstudio/analysis_d904aff1-dbdd-41a2-aced-0d4c12834994/scripts/data_point/initialize.sh
[15:17:19.266675 DEBUG] running /mnt/openstudio/analysis_d904aff1-dbdd-41a2-aced-0d4c12834994/scripts/data_point/initialize.sh
[15:17:19.850713 DEBUG] Script returned with exit code 0 of class Integer
[15:17:19.851112 INFO] Finished worker initialization
[15:17:19.851150 INFO] RestClient delete
[15:17:19.851188 INFO] delete post_count = 1
[15:17:19.860742 INFO] Downloading datapoint from http://web:80/data_points/63a1b71a-130b-4070-8825-bf091b18d2f9.json
[15:17:19.860843 INFO] get url post_count = 1
[15:17:19.875747 INFO] Creating Workflow Manager instance
[15:17:19.875836 INFO] Directory is /mnt/openstudio/analysis_d904aff1-dbdd-41a2-aced-0d4c12834994/data_point_63a1b71a-130b-4070-8825-bf091b18d2f9
[15:17:19.875888 INFO] Opening run.log file '/mnt/openstudio/analysis_d904aff1-dbdd-41a2-aced-0d4c12834994/data_point_63a1b71a-130b-4070-8825-bf091b18d2f9/run/run.log'
[15:17:19.876145 WARN] Error finding Oscli: OPENSTUDIO_EXE_PATH not set
[15:17:19.901316 WARN] Defaulting to fun Oscli via /usr/local/bin/openstudio
[15:17:19.901491 INFO] Returning Oscli cmd: /usr/local/bin/openstudio --bundle /var/oscli/Gemfile --bundle_path /var/oscli/gems 
[15:17:19.901725 INFO] Running workflow using cmd /usr/local/bin/openstudio --bundle /var/oscli/Gemfile --bundle_path /var/oscli/gems   run --workflow '/mnt/openstudio/analysis_d904aff1-dbdd-41a2-aced-0d4c12834994/data_point_63a1b71a-130b-4070-8825-bf091b18d2f9/data_point.osw'  and writing log to /mnt/openstudio/analysis_d904aff1-dbdd-41a2-aced-0d4c12834994/data_point_63a1b71a-130b-4070-8825-bf091b18d2f9/oscli_simulation.log
[15:18:52.294941 INFO] Oscli output: E, [2021-12-24T15:17:22.549715 #4376] ERROR -- : Error activating gem :/ruby/2.5.0/specifications/public_suffix-4.0.5.gemspec
E, [2021-12-24T15:17:22.549838 #4376] ERROR -- : Error activating gem :/ruby/2.5.0/specifications/addressable-2.7.0.gemspec
E, [2021-12-24T15:17:22.549902 #4376] ERROR -- : Error activating gem :/ruby/2.5.0/specifications/ast-2.4.1.gemspec
E, [2021-12-24T15:17:22.550069 #4376] ERROR -- : Error activating gem :/ruby/2.5.0/specifications/rubyzip-2.3.0.gemspec
E, [2021-12-24T15:17:22.550127 #4376] ERROR -- : Error activating gem :/ruby/2.5.0/specifications/simplecov-html-0.12.2.gemspec
E, [2021-12-24T15:17:22.550164 #4376] ERROR -- : Error activating gem :/ruby/2.5.0/specifications/docile-1.3.2.gemspec
E, [2021-12-24T15:17:22.550216 #4376] ERROR -- : Error activating gem :/ruby/2.5.0/specifications/unicode-display_width-1.7.0.gemspec
E, [2021-12-24T15:17:22.550252 #4376] ERROR -- : Error activating gem :/ruby/2.5.0/specifications/ruby-progressbar-1.10.1.gemspec
E, [2021-12-24T15:17:22.550306 #4376] ERROR -- : Error activating gem :/ruby/2.5.0/specifications/powerpack-0.1.2.gemspec
E, [2021-12-24T15:17:22.550338 #4376] ERROR -- : Error activating gem :/ruby/2.5.0/specifications/parser-2.7.1.4.gemspec
E, [2021-12-24T15:17:22.550430 #4376] ERROR -- : Error activating gem :/ruby/2.5.0/specifications/rake-13.0.1.gemspec
E, [2021-12-24T15:17:22.550483 #4376] ERROR -- : Error activating gem :/ruby/2.5.0/specifications/minitest-5.14.1.gemspec
E, [2021-12-24T15:17:22.550517 #4376] ERROR -- : Error activating gem :/ruby/2.5.0/specifications/minitest-reporters-1.4.2.gemspec
E, [2021-12-24T15:17:22.552216 #4376] ERROR -- : Error activating gem :/ruby/2.5.0/specifications/openstudio-standards-0.2.11.gemspec
NECB2017
Warehouse
AB_Banff
NECB2017
Warehouse
AB_Banff
Creating NECB2017_SmallOffice
INFO: apply_standard_construction_properties
INFO:NECB HDD18 of 2850.0  at nearest city Sidney,BC, at a distance of %.2f % 2.0156338519978534km from epw location. Ref:necb_2015_table_c1
INFO:NECB HDD18 of 2850.0  at nearest city Sidney,BC, at a distance of %.2f % 2.0156338519978534km from epw location. Ref:necb_2015_table_c1
INFO: assign_interior_surface_construction_to_adiabatic_surfaces
INFO:  apply_standard_construction_properties was sucessful.
INFO:NECB HDD18 of 2850.0  at nearest city Sidney,BC, at a distance of %.2f % 2.0156338519978534km from epw location. Ref:necb_2015_table_c1
"/usr/local/openstudio-3.0.1/bin/openstudio-3.0.1" run -w "/mnt/openstudio/analysis_d904aff1-dbdd-41a2-aced-0d4c12834994/data_point_63a1b71a-130b-4070-8825-bf091b18d2f9/run/000_nrc_create_necb_prototype_building/autozone/in.osw"
"/usr/local/openstudio-3.0.1/bin/openstudio-3.0.1" run -w "/mnt/openstudio/analysis_d904aff1-dbdd-41a2-aced-0d4c12834994/data_point_63a1b71a-130b-4070-8825-bf091b18d2f9/run/000_nrc_create_necb_prototype_building/autozone_systems/in.osw"
"/usr/local/openstudio-3.0.1/bin/openstudio-3.0.1" run -w "/mnt/openstudio/analysis_d904aff1-dbdd-41a2-aced-0d4c12834994/data_point_63a1b71a-130b-4070-8825-bf091b18d2f9/run/000_nrc_create_necb_prototype_building/plant_loops/in.osw"
"/usr/local/openstudio-3.0.1/bin/openstudio-3.0.1" run -w "/mnt/openstudio/analysis_d904aff1-dbdd-41a2-aced-0d4c12834994/data_point_63a1b71a-130b-4070-8825-bf091b18d2f9/run/000_nrc_create_necb_prototype_building/SR2/in.osw"
INFO: Model name is now SmallOffice.
[15:18:12.858469 WARN] [openstudio.EpwFile] Successive data points (2011-Jan-31 to 2008-Feb-01, ending on line 753) are greater than 1 day apart in EPW file '/var/gems/openstudio-standards/data/weather/CAN_BC_Victoria.Intl.AP.717990_CWEC2016.epw'. Data will be treated as typical (TMY)
[15:18:12.858589 WARN] [openstudio.weather.Model] Could not find ground temperatures in stat file; will use standards lookup.
[15:18:12.858605 WARN] [openstudio.weather.Model] Could not find ground temperatures in standards lookup; will use generic temperatures, which will skew results.
[15:18:12.859092 WARN] [openstudio.EpwFile] Successive data points (2011-Jan-31 to 2008-Feb-01, ending on line 753) are greater than 1 day apart in EPW file '/var/gems/openstudio-standards/data/weather/CAN_BC_Victoria.Intl.AP.717990_CWEC2016.epw'. Data will be treated as typical (TMY)
[15:18:12.859113 WARN] [openstudio.EpwFile] Successive data points (2011-Jan-31 to 2008-Feb-01, ending on line 753) are greater than 1 day apart in EPW file '/var/gems/openstudio-standards/data/weather/CAN_BC_Victoria.Intl.AP.717990_CWEC2016.epw'. Data will be treated as typical (TMY)
[15:18:12.859164 WARN] [openstudio.EpwFile] Successive data points (2011-Jan-31 to 2008-Feb-01, ending on line 753) are greater than 1 day apart in EPW file '/var/gems/openstudio-standards/data/weather/CAN_BC_Victoria.Intl.AP.717990_CWEC2016.epw'. Data will be treated as typical (TMY)
[15:18:12.859413 WARN] [openstudio.EpwFile] Successive data points (2011-Jan-31 to 2008-Feb-01, ending on line 753) are greater than 1 day apart in EPW file '/var/gems/openstudio-standards/data/weather/CAN_BC_Victoria.Intl.AP.717990_CWEC2016.epw'. Data will be treated as typical (TMY)
[15:18:12.859485 WARN] [openstudio.standards.Fan] For Fan Constant Volume 1, there is no greater nominal HP.  Use the efficiency of the largest motor category.
[15:18:12.859506 WARN] [openstudio.standards.Fan] For Fan Constant Volume 2, there is no greater nominal HP.  Use the efficiency of the largest motor category.
[15:18:12.859663 WARN] [openstudio.standards.Fan] For Fan Constant Volume 3, there is no greater nominal HP.  Use the efficiency of the largest motor category.
[15:18:12.859683 WARN] [openstudio.standards.Fan] For Fan Constant Volume 4, there is no greater nominal HP.  Use the efficiency of the largest motor category.
[15:18:12.859702 WARN] [openstudio.standards.Fan] For Fan Constant Volume 5, there is no greater nominal HP.  Use the efficiency of the largest motor category.
[15:18:12.859783 WARN] [openstudio.EpwFile] Successive data points (2011-Jan-31 to 2008-Feb-01, ending on line 753) are greater than 1 day apart in EPW file '/var/gems/openstudio-standards/data/weather/CAN_BC_Victoria.Intl.AP.717990_CWEC2016.epw'. Data will be treated as typical (TMY)
[15:18:12.859838 WARN] [openstudio.EpwFile] Successive data points (2011-Jan-31 to 2008-Feb-01, ending on line 753) are greater than 1 day apart in EPW file '/var/gems/openstudio-standards/data/weather/CAN_BC_Victoria.Intl.AP.717990_CWEC2016.epw'. Data will be treated as typical (TMY)
[15:18:12.860048 WARN] [openstudio.EpwFile] Successive data points (2011-Jan-31 to 2008-Feb-01, ending on line 753) are greater than 1 day apart in EPW file '/var/gems/openstudio-standards/data/weather/CAN_BC_Victoria.Intl.AP.717990_CWEC2016.epw'. Data will be treated as typical (TMY)
[15:18:12.860110 WARN] [openstudio.EpwFile] Successive data points (2011-Jan-31 to 2008-Feb-01, ending on line 753) are greater than 1 day apart in EPW file '/var/gems/openstudio-standards/data/weather/CAN_BC_Victoria.Intl.AP.717990_CWEC2016.epw'. Data will be treated as typical (TMY)
[15:18:12.860283 WARN] [openstudio.EpwFile] Successive data points (2011-Jan-31 to 2008-Feb-01, ending on line 753) are greater than 1 day apart in EPW file '/var/gems/openstudio-standards/data/weather/CAN_BC_Victoria.Intl.AP.717990_CWEC2016.epw'. Data will be treated as typical (TMY)
[15:18:12.860329 WARN] [openstudio.standards.Fan] For Fan Constant Volume 1, there is no greater nominal HP.  Use the efficiency of the largest motor category.
[15:18:12.860348 WARN] [openstudio.standards.Fan] For Fan Constant Volume 2, there is no greater nominal HP.  Use the efficiency of the largest motor category.
[15:18:12.860377 WARN] [openstudio.standards.Fan] For Fan Constant Volume 3, there is no greater nominal HP.  Use the efficiency of the largest motor category.
[15:18:12.860395 WARN] [openstudio.standards.Fan] For Fan Constant Volume 4, there is no greater nominal HP.  Use the efficiency of the largest motor category.
[15:18:12.860413 WARN] [openstudio.standards.Fan] For Fan Constant Volume 5, there is no greater nominal HP.  Use the efficiency of the largest motor category.
Use rates below
Use rates below
Use rates below
Use rates below
[31mERROR: SQL read failed to find a value with query
SELECT Value 
          FROM TabularDataWithStrings
          WHERE ReportName='EnergyMeters'
          AND ReportForString='Entire Facility'
          AND TableName='Annual and Peak Values - Natural Gas'
		  AND RowName='NaturalGas:Facility'
          AND ColumnName='Natural Gas Annual Value'
          AND Units='GJ'[0m

[15:18:52.303792 INFO] Saving files/reports back to the server
[15:18:52.303890 INFO] downloading reports/*.{html,json,csv}
[15:18:52.304180 INFO] Saving report /mnt/openstudio/analysis_d904aff1-dbdd-41a2-aced-0d4c12834994/data_point_63a1b71a-130b-4070-8825-bf091b18d2f9/reports/openstudio_results_report.html to http://web:80/data_points/63a1b71a-130b-4070-8825-bf091b18d2f9/upload_file
[15:18:52.435584 INFO] Saving report responded with {"id":"61c5e4dcc49b2500db5341b5","data_point_id":"63a1b71a-130b-4070-8825-bf091b18d2f9","display_name":"openstudio_results_report","type":"Report","created_at":"2021-12-24T15:18:52.340Z","updated_at":"2021-12-24T15:18:52.340Z"}
[15:18:52.435901 INFO] Saving report /mnt/openstudio/analysis_d904aff1-dbdd-41a2-aced-0d4c12834994/data_point_63a1b71a-130b-4070-8825-bf091b18d2f9/reports/nrc_report_utility_costs_report.html to http://web:80/data_points/63a1b71a-130b-4070-8825-bf091b18d2f9/upload_file
[15:18:52.506390 INFO] Saving report responded with {"id":"61c5e4dcc49b2500db5341b6","data_point_id":"63a1b71a-130b-4070-8825-bf091b18d2f9","display_name":"nrc_report_utility_costs_report","type":"Report","created_at":"2021-12-24T15:18:52.445Z","updated_at":"2021-12-24T15:18:52.445Z"}
[15:18:52.506668 INFO] Saving report /mnt/openstudio/analysis_d904aff1-dbdd-41a2-aced-0d4c12834994/data_point_63a1b71a-130b-4070-8825-bf091b18d2f9/reports/eplustbl.html to http://web:80/data_points/63a1b71a-130b-4070-8825-bf091b18d2f9/upload_file
[15:18:52.598472 INFO] Saving report responded with {"id":"61c5e4dcc49b2500db5341b7","data_point_id":"63a1b71a-130b-4070-8825-bf091b18d2f9","display_name":"eplustbl","type":"Report","created_at":"2021-12-24T15:18:52.527Z","updated_at":"2021-12-24T15:18:52.527Z"}
[15:18:52.598879 INFO] Saving report /mnt/openstudio/analysis_d904aff1-dbdd-41a2-aced-0d4c12834994/data_point_63a1b71a-130b-4070-8825-bf091b18d2f9/run/objectives.json to http://web:80/data_points/63a1b71a-130b-4070-8825-bf091b18d2f9/upload_file
[15:18:52.670847 INFO] Saving report responded with {"id":"61c5e4dcc49b2500db5341b8","data_point_id":"63a1b71a-130b-4070-8825-bf091b18d2f9","display_name":"objectives","type":"Report","created_at":"2021-12-24T15:18:52.609Z","updated_at":"2021-12-24T15:18:52.609Z"}
[15:18:52.671136 INFO] downloading out.OSW
[15:18:52.671251 INFO] Saving report /mnt/openstudio/analysis_d904aff1-dbdd-41a2-aced-0d4c12834994/data_point_63a1b71a-130b-4070-8825-bf091b18d2f9/out.osw to http://web:80/data_points/63a1b71a-130b-4070-8825-bf091b18d2f9/upload_file
[15:18:52.749041 INFO] Saving report responded with {"id":"61c5e4dcc49b2500db5341b9","data_point_id":"63a1b71a-130b-4070-8825-bf091b18d2f9","display_name":"Final OSW File","type":"Report","created_at":"2021-12-24T15:18:52.685Z","updated_at":"2021-12-24T15:18:52.685Z"}
[15:18:52.749280 INFO] downloading in.OSM
[15:18:52.749488 INFO] downloading datapoint.ZIP
[15:18:52.749553 INFO] Saving report /mnt/openstudio/analysis_d904aff1-dbdd-41a2-aced-0d4c12834994/data_point_63a1b71a-130b-4070-8825-bf091b18d2f9/run/data_point.zip to http://web:80/data_points/63a1b71a-130b-4070-8825-bf091b18d2f9/upload_file
[15:18:53.459817 INFO] Saving report responded with {"id":"61c5e4ddc49b2500db5341ba","data_point_id":"63a1b71a-130b-4070-8825-bf091b18d2f9","display_name":"Zip File","type":"Data Point","created_at":"2021-12-24T15:18:53.062Z","updated_at":"2021-12-24T15:18:53.062Z"}
[15:18:53.460235 INFO] Checking for presence of args file at /mnt/openstudio/analysis_d904aff1-dbdd-41a2-aced-0d4c12834994/scripts/data_point/finalize.args
[15:18:53.460309 INFO] Checking for presence of script file at /mnt/openstudio/analysis_d904aff1-dbdd-41a2-aced-0d4c12834994/scripts/data_point/finalize.sh
[15:18:53.465304 INFO] Finished /opt/openstudio/server/app/jobs/dj_jobs/run_simulate_data_point.rb
